2023-01-17 13:19:19,409 - INFO -  ==== BEng Thesis - Intelligent Virtual Personal Assistant STARTED ==== 
2023-01-17 13:22:29,130 - INFO -  ==== BEng Thesis - Intelligent Virtual Personal Assistant STARTED ==== 
2023-01-17 13:22:29,130 - INFO - KERNEL - exists.
2023-01-17 13:22:31,176 - INFO - Kernel bootstrap completed in 2.05 seconds
2023-01-17 13:26:51,012 - INFO -  ==== BEng Thesis - Intelligent Virtual Personal Assistant STARTED ==== 
2023-01-17 13:26:51,013 - INFO - KERNEL - Creating a new brain file...
2023-01-17 13:27:51,922 - INFO -  ==== BEng Thesis - Intelligent Virtual Personal Assistant STARTED ==== 
2023-01-17 13:27:51,923 - INFO - KERNEL - Creating a new brain file...
2023-01-17 13:29:00,368 - INFO -  ==== BEng Thesis - Intelligent Virtual Personal Assistant STARTED ==== 
2023-01-17 13:29:00,369 - INFO - KERNEL - Creating a new brain file...
2023-01-17 13:29:38,458 - INFO -  ==== BEng Thesis - Intelligent Virtual Personal Assistant STARTED ==== 
2023-01-17 13:29:38,459 - INFO - KERNEL - Creating a new brain file...
2023-01-17 13:30:24,326 - INFO -  ==== BEng Thesis - Intelligent Virtual Personal Assistant STARTED ==== 
2023-01-17 13:30:24,328 - INFO - KERNEL - exists.
2023-01-17 13:30:26,354 - INFO - KERNEL - bootstrap completed in 2.03 seconds
2023-01-17 13:30:44,969 - INFO -  ==== BEng Thesis - Intelligent Virtual Personal Assistant STARTED ==== 
2023-01-17 13:30:44,971 - INFO - KERNEL - Creating a new brain file...
2023-01-17 13:30:48,404 - INFO - KERNEL - bootstrap completed in 3.43 seconds
2023-01-17 13:30:48,536 - INFO - BRAIN - saving file to bot_brain.brn, done in 0.1316821575164795 sec.
2023-01-17 13:31:49,761 - INFO -  ==== BEng Thesis - Intelligent Virtual Personal Assistant STARTED ==== 
2023-01-17 13:31:49,762 - INFO - KERNEL - exists.
2023-01-17 13:31:51,768 - INFO - KERNEL - bootstrap completed in 2.01 seconds
2023-01-17 13:32:59,208 - INFO -  ==== BEng Thesis - Intelligent Virtual Personal Assistant STARTED ==== 
2023-01-17 13:32:59,209 - INFO - BRAIN - exists.
2023-01-17 13:33:01,221 - INFO - BRAIN - bootstrap completed in 2.01 seconds
2023-01-17 13:33:20,766 - INFO -  ==== BEng Thesis - Intelligent Virtual Personal Assistant STARTED ==== 
2023-01-17 13:33:20,767 - INFO - KERNEL - creating a new brain file...
2023-01-17 13:33:24,144 - INFO - BRAIN - bootstrap completed in 3.38 seconds
2023-01-17 13:33:24,266 - INFO - BRAIN - saving file to bot_brain.brn, done in 0.12174320220947266 sec.
2023-01-17 13:37:18,932 - INFO -  ==== BEng Thesis - Intelligent Virtual Personal Assistant STARTED ==== 
2023-01-17 13:37:18,933 - INFO - BRAIN - exists.
2023-01-17 13:37:21,003 - INFO - BRAIN - bootstrap completed in 2.07 seconds
2023-01-17 13:37:28,607 - INFO - INTENT - user's intent: weather
2023-01-17 13:38:47,962 - INFO -  ==== BEng Thesis - Intelligent Virtual Personal Assistant STARTED ==== 
2023-01-17 13:38:47,963 - INFO - BRAIN - exists.
2023-01-17 13:38:50,058 - INFO - BRAIN - bootstrap completed in 2.10 seconds
2023-01-17 13:38:57,010 - INFO - USER MSG - user's msg: horoscope
2023-01-17 13:38:57,010 - INFO - INTENT - user's intent: greeting
2023-01-17 13:39:03,805 - INFO - USER MSG - user's msg: i am a leo
2023-01-17 13:39:03,805 - INFO - INTENT - user's intent: greeting
2023-01-17 13:39:51,458 - INFO -  ==== BEng Thesis - Intelligent Virtual Personal Assistant STARTED ==== 
2023-01-17 13:39:51,459 - INFO - BRAIN - exists.
2023-01-17 13:39:53,492 - INFO - BRAIN - bootstrap completed in 2.03 seconds
2023-01-17 13:39:58,463 - INFO - USER MSG - user's msg: What you can do?
2023-01-17 13:39:58,463 - INFO - INTENT - user's intent: options
2023-01-17 13:40:31,107 - INFO -  ==== BEng Thesis - Intelligent Virtual Personal Assistant STARTED ==== 
2023-01-17 13:40:31,107 - INFO - BRAIN - exists.
2023-01-17 13:40:33,174 - INFO - BRAIN - bootstrap completed in 2.07 seconds
2023-01-17 13:40:39,010 - INFO -  ==== BEng Thesis - Intelligent Virtual Personal Assistant STARTED ==== 
2023-01-17 13:40:39,011 - INFO - BRAIN - exists.
2023-01-17 13:40:41,068 - INFO - BRAIN - bootstrap completed in 2.06 seconds
2023-01-17 13:40:46,323 - INFO - USER MSG - user's msg: what's up
2023-01-17 13:40:46,324 - INFO - INTENT - user's intent: greeting
2023-01-17 13:41:01,345 - INFO - USER MSG - user's msg: horoscope
2023-01-17 13:41:01,345 - INFO - INTENT - user's intent: greeting
2023-01-17 13:41:37,616 - INFO -  ==== BEng Thesis - Intelligent Virtual Personal Assistant STARTED ==== 
2023-01-17 13:41:37,617 - INFO - BRAIN - exists.
2023-01-17 13:41:39,641 - INFO - BRAIN - bootstrap completed in 2.02 seconds
2023-01-17 13:41:44,211 - INFO - USER MSG - user's msg: horoscope
2023-01-17 13:41:44,211 - INFO - INTENT - user's intent: leaving
2023-01-17 13:47:08,055 - INFO -  ==== BEng Thesis - Intelligent Virtual Personal Assistant STARTED ==== 
2023-01-17 13:47:08,056 - INFO - BRAIN - exists.
2023-01-17 13:47:10,061 - INFO - BRAIN - bootstrap completed in 2.00 seconds
2023-01-17 13:47:13,843 - INFO - USER MSG - user's msg: ip address
2023-01-17 13:47:13,843 - INFO - INTENT - user's intent: findip
2023-01-17 13:49:00,136 - INFO -  ==== BEng Thesis - Intelligent Virtual Personal Assistant STARTED ==== 
2023-01-17 13:49:00,137 - INFO - BRAIN - exists.
2023-01-17 13:49:02,142 - INFO - BRAIN - bootstrap completed in 2.00 seconds
2023-01-17 13:49:05,736 - INFO - USER MSG - user's msg: ip address
2023-01-17 13:49:05,736 - INFO - INTENT - user's intent: findip
2023-01-17 13:52:28,626 - INFO -  ==== BEng Thesis - Intelligent Virtual Personal Assistant STARTED ==== 
2023-01-17 13:52:28,627 - INFO - BRAIN - exists.
2023-01-17 13:52:30,624 - INFO - BRAIN - bootstrap completed in 2.00 seconds
2023-01-17 13:52:34,764 - INFO - USER MSG - user's msg: ip address
2023-01-17 13:52:34,764 - INFO - INTENT - user's intent: findip
2023-01-17 13:53:15,027 - INFO -  ==== BEng Thesis - Intelligent Virtual Personal Assistant STARTED ==== 
2023-01-17 13:53:15,027 - INFO - BRAIN - exists.
2023-01-17 13:53:16,991 - INFO - BRAIN - bootstrap completed in 1.96 seconds
2023-01-17 13:53:20,206 - INFO - USER MSG - user's msg: ip address
2023-01-17 13:53:20,207 - INFO - INTENT - user's intent: findip
2023-01-17 13:53:20,210 - INFO - find my ip
2023-01-17 13:55:14,558 - INFO -  ==== BEng Thesis - Intelligent Virtual Personal Assistant STARTED ==== 
2023-01-17 13:55:14,558 - INFO - BRAIN - exists.
2023-01-17 13:55:16,559 - INFO - BRAIN - bootstrap completed in 2.00 seconds
2023-01-17 13:56:02,703 - INFO -  ==== BEng Thesis - Intelligent Virtual Personal Assistant STARTED ==== 
2023-01-17 13:56:02,704 - INFO - BRAIN - exists.
2023-01-17 13:56:04,700 - INFO - BRAIN - bootstrap completed in 2.00 seconds
2023-01-17 13:56:07,971 - INFO - USER MSG - user's msg: horoscope
2023-01-17 13:56:07,971 - INFO - INTENT - user's intent: horoscope
2023-01-17 13:56:19,643 - INFO - USER MSG - user's msg: tell me some horoscope
2023-01-17 13:56:19,643 - INFO - INTENT - user's intent: horoscope
2023-01-17 13:56:26,734 - INFO - USER MSG - user's msg: my star sign is leo
2023-01-17 13:56:26,734 - INFO - INTENT - user's intent: weather
2023-01-17 13:56:35,597 - INFO - USER MSG - user's msg: i am leo
2023-01-17 13:56:35,598 - INFO - INTENT - user's intent: leaving
2023-01-17 13:56:45,678 - INFO - USER MSG - user's msg: huh?
2023-01-17 13:56:45,678 - INFO - INTENT - user's intent: leaving
2023-01-17 13:57:01,859 - INFO -  ==== BEng Thesis - Intelligent Virtual Personal Assistant STARTED ==== 
2023-01-17 13:57:01,861 - INFO - BRAIN - exists.
2023-01-17 13:57:03,848 - INFO - BRAIN - bootstrap completed in 1.99 seconds
2023-01-17 13:57:12,270 - INFO - USER MSG - user's msg: tell me the future
2023-01-17 13:57:12,270 - INFO - INTENT - user's intent: weather
2023-01-17 13:57:51,551 - INFO -  ==== BEng Thesis - Intelligent Virtual Personal Assistant STARTED ==== 
2023-01-17 13:57:51,552 - INFO - BRAIN - exists.
2023-01-17 13:57:53,515 - INFO - BRAIN - bootstrap completed in 1.96 seconds
2023-01-17 13:57:57,781 - INFO - USER MSG - user's msg: horoscope
2023-01-17 13:57:57,781 - INFO - INTENT - user's intent: horoscope
2023-01-17 13:58:01,343 - INFO - USER MSG - user's msg: i am leo
2023-01-17 13:58:01,343 - INFO - INTENT - user's intent: leaving
2023-01-17 13:58:18,978 - INFO - USER MSG - user's msg: hey
2023-01-17 13:58:18,979 - INFO - INTENT - user's intent: leaving
2023-01-17 13:59:55,169 - INFO -  ==== BEng Thesis - Intelligent Virtual Personal Assistant STARTED ==== 
2023-01-17 13:59:55,170 - INFO - BRAIN - exists.
2023-01-17 13:59:57,143 - INFO - BRAIN - bootstrap completed in 1.97 seconds
2023-01-17 14:00:04,990 - INFO - USER MSG - user's msg: what's up?
2023-01-17 14:00:04,990 - INFO - INTENT - user's intent: weather
2023-01-17 14:00:21,812 - INFO - USER MSG - user's msg: my star sign is leo
2023-01-17 14:00:21,812 - INFO - INTENT - user's intent: weather
2023-01-17 14:00:34,369 - INFO - USER MSG - user's msg: do you like cats?
2023-01-17 14:00:34,369 - INFO - INTENT - user's intent: leaving
2023-01-17 14:01:49,434 - INFO -  ==== BEng Thesis - Intelligent Virtual Personal Assistant STARTED ==== 
2023-01-17 14:01:49,434 - INFO - BRAIN - exists.
2023-01-17 14:01:51,451 - INFO - BRAIN - bootstrap completed in 2.02 seconds
2023-01-17 14:01:57,721 - INFO - USER MSG - user's msg: what future will bring on
2023-01-17 14:01:57,721 - INFO - INTENT - user's intent: horoscope
2023-01-17 14:02:12,410 - INFO - USER MSG - user's msg: Do you like lizards?
2023-01-17 14:02:12,410 - INFO - INTENT - user's intent: leaving
2023-01-17 14:02:43,851 - INFO -  ==== BEng Thesis - Intelligent Virtual Personal Assistant STARTED ==== 
2023-01-17 14:02:43,853 - INFO - BRAIN - exists.
2023-01-17 14:02:45,814 - INFO - BRAIN - bootstrap completed in 1.96 seconds
2023-01-17 14:02:51,333 - INFO - USER MSG - user's msg: lizards
2023-01-17 14:02:51,333 - INFO - INTENT - user's intent: weather
2023-01-17 14:03:40,835 - INFO -  ==== BEng Thesis - Intelligent Virtual Personal Assistant STARTED ==== 
2023-01-17 14:03:40,835 - INFO - BRAIN - exists.
2023-01-17 14:03:42,793 - INFO - BRAIN - bootstrap completed in 1.96 seconds
2023-01-17 14:03:52,491 - INFO - USER MSG - user's msg: do you like cats?
2023-01-17 14:03:52,491 - INFO - INTENT - user's intent: greeting
2023-01-17 14:03:57,528 - INFO - USER MSG - user's msg: tell me a joke
2023-01-17 14:03:57,529 - INFO - INTENT - user's intent: weather
2023-01-17 14:04:45,358 - INFO -  ==== BEng Thesis - Intelligent Virtual Personal Assistant STARTED ==== 
2023-01-17 14:04:45,358 - INFO - BRAIN - exists.
2023-01-17 14:04:47,383 - INFO - BRAIN - bootstrap completed in 2.02 seconds
2023-01-17 14:04:51,377 - INFO - USER MSG - user's msg: tell me a joke
2023-01-17 14:04:51,377 - INFO - INTENT - user's intent: weather
2023-01-17 14:04:59,256 - INFO - USER MSG - user's msg: weather
2023-01-17 14:04:59,257 - INFO - INTENT - user's intent: greeting
2023-01-17 14:05:10,507 - INFO - USER MSG - user's msg: What is the weather?
2023-01-17 14:05:10,508 - INFO - INTENT - user's intent: weather
2023-01-17 14:05:23,950 - INFO - USER MSG - user's msg: whats temperature?
2023-01-17 14:05:23,950 - INFO - INTENT - user's intent: weather
2023-01-17 14:06:07,989 - INFO -  ==== BEng Thesis - Intelligent Virtual Personal Assistant STARTED ==== 
2023-01-17 14:06:07,990 - INFO - BRAIN - exists.
2023-01-17 14:06:09,996 - INFO - BRAIN - bootstrap completed in 2.01 seconds
2023-01-17 14:06:13,815 - INFO - USER MSG - user's msg: ip address
2023-01-17 14:06:13,816 - INFO - INTENT - user's intent: greeting
2023-01-17 14:06:31,488 - INFO -  ==== BEng Thesis - Intelligent Virtual Personal Assistant STARTED ==== 
2023-01-17 14:06:31,489 - INFO - BRAIN - exists.
2023-01-17 14:06:33,485 - INFO - BRAIN - bootstrap completed in 2.00 seconds
2023-01-17 14:06:38,717 - INFO - USER MSG - user's msg: ip address
2023-01-17 14:06:38,717 - INFO - INTENT - user's intent: greeting
2023-01-17 14:07:06,788 - INFO -  ==== BEng Thesis - Intelligent Virtual Personal Assistant STARTED ==== 
2023-01-17 14:07:06,789 - INFO - BRAIN - exists.
2023-01-17 14:07:16,685 - INFO - USER MSG - user's msg: what is my ip address
2023-01-17 14:07:16,685 - INFO - INTENT - user's intent: findip
2023-01-17 14:07:16,696 - INFO - find my ip
2023-01-17 14:08:07,511 - INFO -  ==== BEng Thesis - Intelligent Virtual Personal Assistant STARTED ==== 
2023-01-17 14:08:07,512 - INFO - BRAIN - exists.
2023-01-17 14:08:09,508 - INFO - BRAIN - bootstrap completed in 2.00 seconds
2023-01-17 14:08:12,488 - INFO - USER MSG - user's msg: ip address
2023-01-17 14:08:12,488 - INFO - INTENT - user's intent: findip
2023-01-17 14:08:52,149 - INFO -  ==== BEng Thesis - Intelligent Virtual Personal Assistant STARTED ==== 
2023-01-17 14:08:52,150 - INFO - BRAIN - exists.
2023-01-17 14:08:54,128 - INFO - BRAIN - bootstrap completed in 1.98 seconds
2023-01-17 14:08:57,932 - INFO - USER MSG - user's msg: ip address
2023-01-17 14:08:57,932 - INFO - INTENT - user's intent: findip
2023-01-17 14:08:57,932 - INFO - find my ip
2023-01-17 14:12:49,221 - INFO -  ==== BEng Thesis - Intelligent Virtual Personal Assistant STARTED ==== 
2023-01-17 14:12:49,222 - INFO - BRAIN - exists.
2023-01-17 14:12:51,220 - INFO - BRAIN - bootstrap completed in 2.00 seconds
2023-01-17 14:12:56,132 - INFO - USER MSG - user's msg: discord
2023-01-17 14:12:56,132 - INFO - INTENT - user's intent: greeting
2023-01-17 14:13:15,505 - INFO - USER MSG - user's msg: open discord
2023-01-17 14:13:15,505 - INFO - INTENT - user's intent: discord
2023-01-17 14:13:25,686 - INFO - USER MSG - user's msg: Open discord, please.
2023-01-17 14:13:25,687 - INFO - INTENT - user's intent: discord
2023-01-17 14:13:32,161 - INFO - USER MSG - user's msg: Open Discord.
2023-01-17 14:13:32,161 - INFO - INTENT - user's intent: discord
2023-01-17 14:16:54,347 - INFO -  ==== BEng Thesis - Intelligent Virtual Personal Assistant STARTED ==== 
2023-01-17 14:16:54,349 - INFO - BRAIN - exists.
2023-01-17 14:16:56,379 - INFO - BRAIN - bootstrap completed in 2.03 seconds
2023-01-17 14:17:04,426 - INFO - USER MSG - user's msg: Open Discord, please.
2023-01-17 14:17:04,427 - INFO - INTENT - user's intent: discord
2023-01-17 14:18:15,217 - INFO -  ==== BEng Thesis - Intelligent Virtual Personal Assistant STARTED ==== 
2023-01-17 14:18:15,218 - INFO - BRAIN - exists.
2023-01-17 14:18:17,214 - INFO - BRAIN - bootstrap completed in 2.00 seconds
2023-01-17 14:18:23,248 - INFO - USER MSG - user's msg: Open Discord!
2023-01-17 14:18:23,248 - INFO - INTENT - user's intent: discord
2023-01-17 14:19:34,491 - INFO - ORDER - open: Discord App
2023-01-17 14:22:07,770 - INFO -  ==== BEng Thesis - Intelligent Virtual Personal Assistant STARTED ==== 
2023-01-17 14:22:07,770 - INFO - BRAIN - exists.
2023-01-17 14:22:09,783 - INFO - BRAIN - bootstrap completed in 2.01 seconds
2023-01-17 14:22:15,542 - INFO - USER MSG - user's msg: Open Discord.
2023-01-17 14:22:15,543 - INFO - INTENT - user's intent: discord
2023-01-17 14:25:25,012 - INFO -  ==== BEng Thesis - Intelligent Virtual Personal Assistant STARTED ==== 
2023-01-17 14:25:25,013 - INFO - BRAIN - exists.
2023-01-17 14:25:27,028 - INFO - BRAIN - bootstrap completed in 2.01 seconds
2023-01-17 14:25:31,576 - INFO - USER MSG - user's msg: discord
2023-01-17 14:25:31,576 - INFO - INTENT - user's intent: greeting
2023-01-17 14:25:35,833 - INFO - USER MSG - user's msg: open discord
2023-01-17 14:25:35,834 - INFO - INTENT - user's intent: discord
2023-01-17 14:25:44,393 - INFO - USER MSG - user's msg: so
2023-01-17 14:25:44,394 - INFO - INTENT - user's intent: greeting
2023-01-17 14:26:31,975 - INFO -  ==== BEng Thesis - Intelligent Virtual Personal Assistant STARTED ==== 
2023-01-17 14:26:31,975 - INFO - BRAIN - exists.
2023-01-17 14:26:33,973 - INFO - BRAIN - bootstrap completed in 2.00 seconds
2023-01-17 14:26:40,859 - INFO - USER MSG - user's msg: Open Discord
2023-01-17 14:26:40,859 - INFO - INTENT - user's intent: discord
2023-01-17 14:26:40,860 - INFO - ORDER - open: Discord App
2023-01-17 14:29:20,937 - INFO -  ==== BEng Thesis - Intelligent Virtual Personal Assistant STARTED ==== 
2023-01-17 14:29:20,939 - INFO - BRAIN - exists.
2023-01-17 14:29:22,951 - INFO - BRAIN - bootstrap completed in 2.01 seconds
2023-01-17 14:29:30,968 - INFO - USER MSG - user's msg: I want to chat with friends!
2023-01-17 14:29:30,969 - INFO - INTENT - user's intent: discord
2023-01-17 14:29:30,970 - INFO - ORDER - open: Discord App
2023-01-17 14:29:54,774 - INFO -  ==== BEng Thesis - Intelligent Virtual Personal Assistant STARTED ==== 
2023-01-17 14:29:54,775 - INFO - BRAIN - exists.
2023-01-17 14:29:56,783 - INFO - BRAIN - bootstrap completed in 2.01 seconds
2023-01-17 14:30:18,463 - INFO - USER MSG - user's msg: I want to chat with friends
2023-01-17 14:30:18,463 - INFO - INTENT - user's intent: discord
2023-01-17 14:30:18,464 - INFO - 0
2023-01-17 14:30:18,464 - INFO - ORDER - open: Discord App
2023-01-17 14:37:36,309 - INFO -  ==== BEng Thesis - Intelligent Virtual Personal Assistant STARTED ==== 
2023-01-17 14:37:36,309 - INFO - BRAIN - exists.
2023-01-17 14:37:38,302 - INFO - BRAIN - bootstrap completed in 1.99 seconds
2023-01-17 14:37:46,098 - INFO - USER MSG - user's msg: i wan to write a story
2023-01-17 14:37:46,098 - INFO - INTENT - user's intent: xed
2023-01-17 14:37:46,099 - INFO - ORDER - open: xed
2023-01-17 14:37:53,490 - INFO - USER MSG - user's msg: i want to write
2023-01-17 14:37:53,490 - INFO - INTENT - user's intent: xed
2023-01-17 14:37:53,491 - INFO - ORDER - open: xed
2023-01-17 14:37:59,614 - INFO - USER MSG - user's msg: time to go
2023-01-17 14:37:59,614 - INFO - INTENT - user's intent: leaving
2023-01-17 14:43:48,414 - INFO -  ==== BEng Thesis - Intelligent Virtual Personal Assistant STARTED ==== 
2023-01-17 14:43:48,415 - INFO - BRAIN - exists.
2023-01-17 14:43:50,393 - INFO - BRAIN - bootstrap completed in 1.98 seconds
2023-01-17 14:44:17,756 - INFO - USER MSG - user's msg: open notepad
2023-01-17 14:44:17,756 - INFO - INTENT - user's intent: xed
2023-01-17 14:44:17,773 - INFO - ORDER - open: xed
2023-01-17 14:56:48,189 - INFO -  ==== BEng Thesis - Intelligent Virtual Personal Assistant STARTED ==== 
2023-01-17 14:56:48,191 - INFO - BRAIN - exists.
2023-01-17 14:56:50,144 - INFO - BRAIN - bootstrap completed in 1.95 seconds
2023-01-17 14:56:57,135 - INFO - USER MSG - user's msg: play this:data/music/vgm-mark-h-the-trial-of-the-ancients.mp3
2023-01-17 14:56:57,135 - INFO - INTENT - user's intent: music
2023-01-17 14:58:03,992 - INFO -  ==== BEng Thesis - Intelligent Virtual Personal Assistant STARTED ==== 
2023-01-17 14:58:03,994 - INFO - BRAIN - exists.
2023-01-17 14:58:05,984 - INFO - BRAIN - bootstrap completed in 1.99 seconds
2023-01-17 14:58:10,931 - INFO - USER MSG - user's msg: Play this:data/music/vgm-mark-h-the-trial-of-the-ancients.mp3
2023-01-17 14:58:10,932 - INFO - INTENT - user's intent: music
2023-01-17 14:58:52,250 - INFO -  ==== BEng Thesis - Intelligent Virtual Personal Assistant STARTED ==== 
2023-01-17 14:58:52,251 - INFO - BRAIN - exists.
2023-01-17 14:58:54,200 - INFO - BRAIN - bootstrap completed in 1.95 seconds
2023-01-17 14:58:59,040 - INFO - USER MSG - user's msg: Play this:data/music/vgm-mark-h-the-trial-of-the-ancients.mp3
2023-01-17 14:58:59,041 - INFO - INTENT - user's intent: music
2023-01-17 14:58:59,041 - INFO - ORDER - play: data/music/vgm-mark-h-the-trial-of-the-ancients.mp3
2023-01-17 14:59:30,907 - INFO -  ==== BEng Thesis - Intelligent Virtual Personal Assistant STARTED ==== 
2023-01-17 14:59:30,908 - INFO - BRAIN - exists.
2023-01-17 14:59:32,882 - INFO - BRAIN - bootstrap completed in 1.97 seconds
2023-01-17 14:59:38,081 - INFO - USER MSG - user's msg: Play this:data/music/vgm-mark-h-the-trial-of-the-ancients.mp3
2023-01-17 14:59:38,081 - INFO - INTENT - user's intent: music
2023-01-17 14:59:38,081 - INFO - ORDER - play: data/music/vgm-mark-h-the-trial-of-the-ancients.mp3
2023-01-17 15:00:57,684 - INFO -  ==== BEng Thesis - Intelligent Virtual Personal Assistant STARTED ==== 
2023-01-17 15:00:57,685 - INFO - BRAIN - exists.
2023-01-17 15:00:59,669 - INFO - BRAIN - bootstrap completed in 1.98 seconds
2023-01-17 15:01:05,217 - INFO - USER MSG - user's msg: Play this:data/music/vgm-mark-h-the-trial-of-the-ancients.mp3
2023-01-17 15:01:05,217 - INFO - INTENT - user's intent: music
2023-01-17 15:01:05,218 - INFO - ORDER - play: data/music/vgm-mark-h-the-trial-of-the-ancients.mp3
2023-01-17 15:07:18,129 - INFO -  ==== BEng Thesis - Intelligent Virtual Personal Assistant STARTED ==== 
2023-01-17 15:07:18,130 - INFO - BRAIN - exists.
2023-01-17 15:07:20,172 - INFO - BRAIN - bootstrap completed in 2.04 seconds
2023-01-17 15:07:30,841 - INFO - USER MSG - user's msg: Play this: data/music/vgm-mark-h-the-trial-of-the-ancients.mp3
2023-01-17 15:07:30,841 - INFO - INTENT - user's intent: music
2023-01-17 15:07:30,842 - INFO - ORDER - play:  data/music/vgm-mark-h-the-trial-of-the-ancients.mp3
2023-01-17 15:08:24,066 - INFO - USER MSG - user's msg: play music:data/music/vgm-mark-h-the-trial-of-the-ancients.mp3
2023-01-17 15:08:24,066 - INFO - INTENT - user's intent: music
2023-01-17 15:08:24,067 - INFO - ORDER - play: data/music/vgm-mark-h-the-trial-of-the-ancients.mp3
2023-01-17 15:09:08,065 - INFO -  ==== BEng Thesis - Intelligent Virtual Personal Assistant STARTED ==== 
2023-01-17 15:09:08,067 - INFO - BRAIN - exists.
2023-01-17 15:09:10,025 - INFO - BRAIN - bootstrap completed in 1.96 seconds
2023-01-17 15:09:16,345 - INFO - USER MSG - user's msg: play this:data/music/vgm-mark-h-the-trial-of-the-ancients.mp3
2023-01-17 15:09:16,346 - INFO - INTENT - user's intent: music
2023-01-17 15:09:16,346 - INFO - ORDER - play: data/music/vgm-mark-h-the-trial-of-the-ancients.mp3
2023-01-17 15:09:41,213 - INFO -  ==== BEng Thesis - Intelligent Virtual Personal Assistant STARTED ==== 
2023-01-17 15:09:41,213 - INFO - BRAIN - exists.
2023-01-17 15:09:43,237 - INFO - BRAIN - bootstrap completed in 2.02 seconds
2023-01-17 15:09:50,622 - INFO - USER MSG - user's msg: play this:data/music/vgm-mark-h-the-trial-of-the-ancients.mp3
2023-01-17 15:09:50,622 - INFO - INTENT - user's intent: music
2023-01-17 15:09:50,623 - INFO - ORDER - play: data/music/vgm-mark-h-the-trial-of-the-ancients.mp3
2023-01-17 15:10:55,421 - INFO - USER MSG - user's msg: Play this:/home/wiktoria/PyCharm Personal Projects/inzynierka/data/music/vgm-mark-h-the-trial-of-the-ancients.mp3
2023-01-17 15:10:55,422 - INFO - INTENT - user's intent: music
2023-01-17 15:10:55,422 - INFO - ORDER - play: /home/wiktoria/PyCharm Personal Projects/inzynierka/data/music/vgm-mark-h-the-trial-of-the-ancients.mp3
2023-01-17 15:14:17,610 - INFO -  ==== BEng Thesis - Intelligent Virtual Personal Assistant STARTED ==== 
2023-01-17 15:14:17,611 - INFO - BRAIN - exists.
2023-01-17 15:14:19,618 - INFO - BRAIN - bootstrap completed in 2.01 seconds
2023-01-17 15:14:24,805 - INFO - USER MSG - user's msg: Play this:/home/wiktoria/PyCharm Personal Projects/inzynierka/data/music/vgm-mark-h-the-trial-of-the-ancients.mp3
2023-01-17 15:14:24,805 - INFO - INTENT - user's intent: music
2023-01-17 15:14:24,806 - INFO - ORDER - play: /home/wiktoria/PyCharm Personal Projects/inzynierka/data/music/vgm-mark-h-the-trial-of-the-ancients.mp3
2023-01-17 15:21:04,643 - INFO -  ==== BEng Thesis - Intelligent Virtual Personal Assistant STARTED ==== 
2023-01-17 15:21:04,644 - INFO - BRAIN - exists.
2023-01-17 15:21:06,592 - INFO - BRAIN - bootstrap completed in 1.95 seconds
2023-01-17 15:21:13,382 - INFO - USER MSG - user's msg: play this: /home/wiktoria/PyCharm Personal Projects/inzynierka/data/music/darren-curtis-witch-by-the-sea.mp3
2023-01-17 15:21:13,382 - INFO - INTENT - user's intent: music
2023-01-17 15:21:13,383 - INFO - ORDER - play:  /home/wiktoria/PyCharm Personal Projects/inzynierka/data/music/darren-curtis-witch-by-the-sea.mp3
2023-01-17 15:21:47,548 - INFO - USER MSG - user's msg: play music:/home/wiktoria/PyCharm Personal Projects/inzynierka/data/music/darren-curtis-witch-by-the-sea.mp3
2023-01-17 15:21:47,548 - INFO - INTENT - user's intent: music
2023-01-17 15:21:47,549 - INFO - ORDER - play: /home/wiktoria/PyCharm Personal Projects/inzynierka/data/music/darren-curtis-witch-by-the-sea.mp3
2023-01-17 15:23:17,521 - INFO -  ==== BEng Thesis - Intelligent Virtual Personal Assistant STARTED ==== 
2023-01-17 15:23:17,522 - INFO - BRAIN - exists.
2023-01-17 15:23:19,524 - INFO - BRAIN - bootstrap completed in 2.00 seconds
2023-01-17 15:23:26,463 - INFO - USER MSG - user's msg: play music: cc
2023-01-17 15:23:26,463 - INFO - INTENT - user's intent: music
2023-01-17 15:23:26,463 - INFO - ORDER - play:  cc
2023-01-17 15:23:52,449 - INFO -  ==== BEng Thesis - Intelligent Virtual Personal Assistant STARTED ==== 
2023-01-17 15:23:52,450 - INFO - BRAIN - exists.
2023-01-17 15:23:54,436 - INFO - BRAIN - bootstrap completed in 1.99 seconds
2023-01-17 15:24:00,453 - INFO - USER MSG - user's msg: play music:/home/wiktoria/PyCharm Personal Projects/inzynierka/data/music/darren-curtis-witch-by-the-sea.mp3
2023-01-17 15:24:00,453 - INFO - INTENT - user's intent: music
2023-01-17 15:24:00,454 - INFO - ORDER - play: /home/wiktoria/PyCharm Personal Projects/inzynierka/data/music/darren-curtis-witch-by-the-sea.mp3
2023-01-17 15:25:40,956 - INFO -  ==== BEng Thesis - Intelligent Virtual Personal Assistant STARTED ==== 
2023-01-17 15:25:40,956 - INFO - BRAIN - exists.
2023-01-17 15:25:42,969 - INFO - BRAIN - bootstrap completed in 2.01 seconds
2023-01-17 15:25:50,048 - INFO - USER MSG - user's msg: Play this:/home/wiktoria/PyCharm Personal Projects/inzynierka/data/music/darren-curtis-witch-by-the-sea.mp3
2023-01-17 15:25:50,048 - INFO - INTENT - user's intent: music
2023-01-17 15:25:50,049 - INFO - ORDER - play: /home/wiktoria/PyCharm Personal Projects/inzynierka/data/music/darren-curtis-witch-by-the-sea.mp3
2023-01-17 15:27:02,163 - INFO -  ==== BEng Thesis - Intelligent Virtual Personal Assistant STARTED ==== 
2023-01-17 15:27:02,164 - INFO - BRAIN - exists.
2023-01-17 15:27:04,150 - INFO - BRAIN - bootstrap completed in 1.99 seconds
2023-01-17 15:27:38,851 - INFO - USER MSG - user's msg: Play this:/home/wiktoria/PyCharm Personal Projects/inzynierka/data/music/darren-curtis-witch-by-the-sea.mp3
2023-01-17 15:27:38,851 - INFO - INTENT - user's intent: music
2023-01-17 15:27:38,852 - INFO - ORDER - play: /home/wiktoria/PyCharm Personal Projects/inzynierka/data/music/darren-curtis-witch-by-the-sea.mp3
2023-01-17 15:33:45,360 - INFO -  ==== BEng Thesis - Intelligent Virtual Personal Assistant STARTED ==== 
2023-01-17 15:33:45,362 - INFO - BRAIN - exists.
2023-01-17 15:33:47,406 - INFO - BRAIN - bootstrap completed in 2.04 seconds
2023-01-17 15:33:52,488 - INFO - USER MSG - user's msg: tell future
2023-01-17 15:33:52,489 - INFO - INTENT - user's intent: greeting
2023-01-17 15:34:02,862 - INFO - USER MSG - user's msg: random horoscope
2023-01-17 15:34:02,862 - INFO - INTENT - user's intent: greeting
2023-01-17 15:34:59,538 - INFO -  ==== BEng Thesis - Intelligent Virtual Personal Assistant STARTED ==== 
2023-01-17 15:34:59,539 - INFO - BRAIN - exists.
2023-01-17 15:35:01,517 - INFO - BRAIN - bootstrap completed in 1.98 seconds
2023-01-17 15:35:05,349 - INFO - USER MSG - user's msg: future star
2023-01-17 15:35:05,349 - INFO - INTENT - user's intent: greeting
2023-01-17 15:36:10,017 - INFO -  ==== BEng Thesis - Intelligent Virtual Personal Assistant STARTED ==== 
2023-01-17 15:36:10,017 - INFO - BRAIN - exists.
2023-01-17 15:36:11,992 - INFO - BRAIN - bootstrap completed in 1.97 seconds
2023-01-17 15:36:18,543 - INFO - USER MSG - user's msg: I want future tips.
2023-01-17 15:36:18,543 - INFO - INTENT - user's intent: horoscope
2023-01-17 15:36:49,746 - INFO -  ==== BEng Thesis - Intelligent Virtual Personal Assistant STARTED ==== 
2023-01-17 15:36:49,747 - INFO - BRAIN - exists.
2023-01-17 15:36:51,714 - INFO - BRAIN - bootstrap completed in 1.97 seconds
2023-01-17 15:36:58,271 - INFO - USER MSG - user's msg: want horoscope
2023-01-17 15:36:58,272 - INFO - INTENT - user's intent: horoscope
2023-01-17 15:37:07,357 - INFO - USER MSG - user's msg: fortune cookie
2023-01-17 15:37:07,357 - INFO - INTENT - user's intent: horoscope
2023-01-17 15:37:40,283 - INFO -  ==== BEng Thesis - Intelligent Virtual Personal Assistant STARTED ==== 
2023-01-17 15:37:40,284 - INFO - BRAIN - exists.
2023-01-17 15:37:42,306 - INFO - BRAIN - bootstrap completed in 2.02 seconds
2023-01-17 15:37:48,399 - INFO - USER MSG - user's msg: want future tips
2023-01-17 15:37:48,400 - INFO - INTENT - user's intent: horoscope
2023-01-17 15:51:30,313 - INFO -  ==== BEng Thesis - Intelligent Virtual Personal Assistant STARTED ==== 
2023-01-17 15:51:30,315 - INFO - BRAIN - exists.
2023-01-17 15:51:32,317 - INFO - BRAIN - bootstrap completed in 2.00 seconds
2023-01-17 15:52:04,553 - INFO - USER MSG - user's msg: write with partner
2023-01-17 15:52:04,554 - INFO - INTENT - user's intent: signal
2023-01-17 15:52:04,554 - INFO - ORDER - open: signal
2023-01-17 15:52:29,319 - INFO -  ==== BEng Thesis - Intelligent Virtual Personal Assistant STARTED ==== 
2023-01-17 15:52:29,320 - INFO - BRAIN - exists.
2023-01-17 15:52:31,373 - INFO - BRAIN - bootstrap completed in 2.05 seconds
2023-01-17 15:52:38,485 - INFO - USER MSG - user's msg: I want send nudes!
2023-01-17 15:52:38,485 - INFO - INTENT - user's intent: signal
2023-01-17 15:52:38,485 - INFO - ORDER - open: signal
2023-01-17 15:54:57,175 - INFO -  ==== BEng Thesis - Intelligent Virtual Personal Assistant STARTED ==== 
2023-01-17 15:54:57,176 - INFO - BRAIN - exists.
2023-01-17 15:54:59,165 - INFO - BRAIN - bootstrap completed in 1.99 seconds
2023-01-17 15:59:59,349 - INFO -  ==== BEng Thesis - Intelligent Virtual Personal Assistant STARTED ==== 
2023-01-17 15:59:59,350 - INFO - BRAIN - exists.
2023-01-17 16:00:01,334 - INFO - BRAIN - bootstrap completed in 1.98 seconds
2023-01-17 16:00:40,591 - INFO -  ==== BEng Thesis - Intelligent Virtual Personal Assistant STARTED ==== 
2023-01-17 16:00:40,592 - INFO - BRAIN - exists.
2023-01-17 16:00:42,556 - INFO - BRAIN - bootstrap completed in 1.96 seconds
2023-01-17 16:00:54,969 - INFO - USER MSG - user's msg: I want fortune cookie.
2023-01-17 16:00:54,969 - INFO - INTENT - user's intent: horoscope
2023-01-17 16:01:07,635 - INFO -  ==== BEng Thesis - Intelligent Virtual Personal Assistant STARTED ==== 
2023-01-17 16:01:07,636 - INFO - BRAIN - exists.
2023-01-17 16:01:09,606 - INFO - BRAIN - bootstrap completed in 1.97 seconds
2023-01-17 16:01:16,483 - INFO - USER MSG - user's msg: I want fortune cookie
2023-01-17 16:01:16,483 - INFO - INTENT - user's intent: horoscope
2023-01-17 16:02:41,169 - INFO -  ==== BEng Thesis - Intelligent Virtual Personal Assistant STARTED ==== 
2023-01-17 16:02:41,170 - INFO - BRAIN - exists.
2023-01-17 16:02:43,154 - INFO - BRAIN - bootstrap completed in 1.98 seconds
2023-01-17 16:02:53,323 - INFO - USER MSG - user's msg: I want a fortune cookie!
2023-01-17 16:02:53,323 - INFO - INTENT - user's intent: horoscope
2023-01-17 16:03:04,217 - INFO - USER MSG - user's msg: Haha, it is funny.
2023-01-17 16:03:04,217 - INFO - INTENT - user's intent: weather
2023-01-17 16:03:12,685 - INFO - USER MSG - user's msg: I am Leo.
2023-01-17 16:03:12,686 - INFO - INTENT - user's intent: leaving
2023-01-17 16:03:50,517 - INFO -  ==== BEng Thesis - Intelligent Virtual Personal Assistant STARTED ==== 
2023-01-17 16:03:50,518 - INFO - BRAIN - exists.
2023-01-17 16:03:52,561 - INFO - BRAIN - bootstrap completed in 2.04 seconds
2023-01-17 16:03:58,553 - INFO - USER MSG - user's msg: What's up?
2023-01-17 16:03:58,553 - INFO - INTENT - user's intent: options
2023-01-17 16:04:07,842 - INFO - USER MSG - user's msg: Give me a fortune cookie!
2023-01-17 16:04:07,842 - INFO - INTENT - user's intent: horoscope
2023-01-17 16:04:16,163 - INFO - USER MSG - user's msg: It is quite funny.
2023-01-17 16:04:16,163 - INFO - INTENT - user's intent: weather
2023-01-17 16:04:23,652 - INFO - USER MSG - user's msg: I am Leo.
2023-01-17 16:04:23,652 - INFO - INTENT - user's intent: leaving
2023-01-17 16:04:34,150 - INFO - USER MSG - user's msg: Do you want sex?
2023-01-17 16:04:34,150 - INFO - INTENT - user's intent: leaving
2023-01-17 16:04:43,737 - INFO - USER MSG - user's msg: How do you feel?
2023-01-17 16:04:43,737 - INFO - INTENT - user's intent: options
2023-01-17 16:05:04,563 - INFO - USER MSG - user's msg: I want talk to my partner.
2023-01-17 16:05:04,564 - INFO - INTENT - user's intent: leaving
2023-01-17 16:05:11,591 - INFO - USER MSG - user's msg: open signal
2023-01-17 16:05:11,591 - INFO - INTENT - user's intent: signal
2023-01-17 16:05:11,591 - INFO - ORDER - open: signal
2023-01-17 16:10:10,253 - INFO -  ==== BEng Thesis - Intelligent Virtual Personal Assistant STARTED ==== 
2023-01-17 16:10:10,254 - INFO - BRAIN - exists.
2023-01-17 16:10:12,309 - INFO - BRAIN - bootstrap completed in 2.05 seconds
2023-01-17 16:10:17,707 - INFO - USER MSG - user's msg: what is my ip address
2023-01-17 16:10:17,708 - INFO - INTENT - user's intent: findip
2023-01-17 16:11:03,305 - INFO -  ==== BEng Thesis - Intelligent Virtual Personal Assistant STARTED ==== 
2023-01-17 16:11:03,306 - INFO - BRAIN - exists.
2023-01-17 16:11:05,299 - INFO - BRAIN - bootstrap completed in 1.99 seconds
2023-01-17 16:11:11,515 - INFO - USER MSG - user's msg: what is my ip address
2023-01-17 16:11:11,515 - INFO - INTENT - user's intent: findip
2023-01-17 16:12:48,826 - INFO -  ==== BEng Thesis - Intelligent Virtual Personal Assistant STARTED ==== 
2023-01-17 16:12:48,827 - INFO - BRAIN - exists.
2023-01-17 16:12:50,835 - INFO - BRAIN - bootstrap completed in 2.01 seconds
2023-01-17 16:12:54,139 - INFO - USER MSG - user's msg: ip address
2023-01-17 16:12:54,139 - INFO - INTENT - user's intent: findip
2023-01-17 16:14:19,999 - INFO -  ==== BEng Thesis - Intelligent Virtual Personal Assistant STARTED ==== 
2023-01-17 16:14:20,000 - INFO - BRAIN - exists.
2023-01-17 16:14:22,015 - INFO - BRAIN - bootstrap completed in 2.01 seconds
2023-01-17 16:14:25,083 - INFO - USER MSG - user's msg: ip address
2023-01-17 16:14:25,084 - INFO - INTENT - user's intent: findip
2023-01-17 16:15:09,950 - INFO -  ==== BEng Thesis - Intelligent Virtual Personal Assistant STARTED ==== 
2023-01-17 16:15:09,951 - INFO - BRAIN - exists.
2023-01-17 16:15:11,942 - INFO - BRAIN - bootstrap completed in 1.99 seconds
2023-01-17 16:15:15,429 - INFO - USER MSG - user's msg: ip address
2023-01-17 16:15:15,429 - INFO - INTENT - user's intent: findip
2023-01-17 16:15:38,083 - INFO -  ==== BEng Thesis - Intelligent Virtual Personal Assistant STARTED ==== 
2023-01-17 16:15:38,083 - INFO - BRAIN - exists.
2023-01-17 16:15:40,098 - INFO - BRAIN - bootstrap completed in 2.01 seconds
2023-01-17 16:15:43,292 - INFO - USER MSG - user's msg: ip address
2023-01-17 16:15:43,292 - INFO - INTENT - user's intent: findip
2023-01-17 16:17:05,566 - INFO -  ==== BEng Thesis - Intelligent Virtual Personal Assistant STARTED ==== 
2023-01-17 16:17:05,567 - INFO - BRAIN - exists.
2023-01-17 16:17:07,635 - INFO - BRAIN - bootstrap completed in 2.07 seconds
2023-01-17 16:17:11,537 - INFO - USER MSG - user's msg: ip address
2023-01-17 16:17:11,537 - INFO - INTENT - user's intent: findip
2023-01-17 16:18:07,355 - INFO -  ==== BEng Thesis - Intelligent Virtual Personal Assistant STARTED ==== 
2023-01-17 16:18:07,356 - INFO - BRAIN - exists.
2023-01-17 16:18:09,412 - INFO - BRAIN - bootstrap completed in 2.06 seconds
2023-01-17 16:18:18,676 - INFO - USER MSG - user's msg: ip address
2023-01-17 16:18:18,676 - INFO - INTENT - user's intent: findip
2023-01-17 16:18:56,614 - INFO -  ==== BEng Thesis - Intelligent Virtual Personal Assistant STARTED ==== 
2023-01-17 16:18:56,614 - INFO - BRAIN - exists.
2023-01-17 16:18:58,618 - INFO - BRAIN - bootstrap completed in 2.00 seconds
2023-01-17 16:19:02,032 - INFO - USER MSG - user's msg: ip address
2023-01-17 16:19:02,033 - INFO - INTENT - user's intent: findip
2023-01-17 16:19:52,430 - INFO -  ==== BEng Thesis - Intelligent Virtual Personal Assistant STARTED ==== 
2023-01-17 16:19:52,431 - INFO - BRAIN - exists.
2023-01-17 16:19:54,447 - INFO - BRAIN - bootstrap completed in 2.02 seconds
2023-01-17 16:22:26,804 - INFO - USER MSG - user's msg: ip address
2023-01-17 16:22:26,804 - INFO - INTENT - user's intent: findip
2023-01-17 16:32:28,680 - INFO - USER MSG - user's msg: tell a joke
2023-01-17 16:32:28,680 - INFO - INTENT - user's intent: weather
2023-01-17 16:33:00,014 - INFO - USER MSG - user's msg: tell a joke
2023-01-17 16:33:00,014 - INFO - INTENT - user's intent: weather
2023-01-17 16:33:07,619 - INFO - USER MSG - user's msg: tell me some jokes
2023-01-17 16:33:07,620 - INFO - INTENT - user's intent: weather
2023-01-17 16:33:29,021 - INFO -  ==== BEng Thesis - Intelligent Virtual Personal Assistant STARTED ==== 
2023-01-17 16:33:29,024 - INFO - BRAIN - exists.
2023-01-17 16:33:31,024 - INFO - BRAIN - bootstrap completed in 2.00 seconds
2023-01-17 16:33:34,632 - INFO - USER MSG - user's msg: tell me joke
2023-01-17 16:33:34,633 - INFO - INTENT - user's intent: horoscope
2023-01-17 16:33:49,900 - INFO -  ==== BEng Thesis - Intelligent Virtual Personal Assistant STARTED ==== 
2023-01-17 16:33:49,901 - INFO - BRAIN - exists.
2023-01-17 16:33:51,901 - INFO - BRAIN - bootstrap completed in 2.00 seconds
2023-01-17 16:33:56,466 - INFO - USER MSG - user's msg: tell me a joke
2023-01-17 16:33:56,466 - INFO - INTENT - user's intent: leaving
2023-01-17 18:17:20,370 - INFO -  ==== BEng Thesis - Intelligent Virtual Personal Assistant STARTED ==== 
2023-01-17 18:17:20,371 - INFO - BRAIN - exists.
2023-01-17 18:17:22,361 - INFO - BRAIN - bootstrap completed in 1.99 seconds
2023-01-17 18:17:28,874 - INFO - USER MSG - user's msg: say something funny
2023-01-17 18:17:28,874 - INFO - INTENT - user's intent: joke
2023-01-17 18:17:36,252 - INFO - USER MSG - user's msg: tell a joke
2023-01-17 18:17:36,253 - INFO - INTENT - user's intent: leaving
2023-01-19 12:06:50,104 - INFO -  ==== BEng Thesis - Intelligent Virtual Personal Assistant STARTED ==== 
2023-01-19 12:06:50,105 - INFO - BRAIN - exists.
2023-01-19 12:06:52,082 - INFO - BRAIN - bootstrap completed in 1.98 seconds
2023-01-19 12:06:58,449 - INFO - USER MSG - user's msg: ip address
2023-01-19 12:06:58,449 - INFO - INTENT - user's intent: findip
2023-01-19 12:07:47,257 - INFO -  ==== BEng Thesis - Intelligent Virtual Personal Assistant STARTED ==== 
2023-01-19 12:07:47,258 - INFO - BRAIN - exists.
2023-01-19 12:07:49,248 - INFO - BRAIN - bootstrap completed in 1.99 seconds
2023-01-19 12:07:56,035 - INFO - USER MSG - user's msg: ip address
2023-01-19 12:07:56,035 - INFO - INTENT - user's intent: findip
2023-01-19 12:08:35,225 - INFO -  ==== BEng Thesis - Intelligent Virtual Personal Assistant STARTED ==== 
2023-01-19 12:08:35,226 - INFO - BRAIN - exists.
2023-01-19 12:08:37,225 - INFO - BRAIN - bootstrap completed in 2.00 seconds
2023-01-19 12:08:41,430 - INFO - USER MSG - user's msg: ip address
2023-01-19 12:08:41,430 - INFO - INTENT - user's intent: findip
2023-01-19 12:13:47,488 - INFO -  ==== BEng Thesis - Intelligent Virtual Personal Assistant STARTED ==== 
2023-01-19 12:13:47,488 - INFO - BRAIN - exists.
2023-01-19 12:13:49,480 - INFO - BRAIN - bootstrap completed in 1.99 seconds
2023-01-19 12:13:53,010 - INFO - USER MSG - user's msg: ip address
2023-01-19 12:13:53,010 - INFO - INTENT - user's intent: findip
2023-01-19 12:16:38,870 - INFO -  ==== BEng Thesis - Intelligent Virtual Personal Assistant STARTED ==== 
2023-01-19 12:16:38,871 - INFO - BRAIN - exists.
2023-01-19 12:16:40,825 - INFO - BRAIN - bootstrap completed in 1.95 seconds
2023-01-19 12:16:44,601 - INFO - USER MSG - user's msg: ip address
2023-01-19 12:16:44,601 - INFO - INTENT - user's intent: findip
2023-01-19 12:18:20,703 - INFO -  ==== BEng Thesis - Intelligent Virtual Personal Assistant STARTED ==== 
2023-01-19 12:18:20,705 - INFO - BRAIN - exists.
2023-01-19 12:18:22,675 - INFO - BRAIN - bootstrap completed in 1.97 seconds
2023-01-19 12:18:25,955 - INFO - USER MSG - user's msg: ip address
2023-01-19 12:18:25,955 - INFO - INTENT - user's intent: findip
2023-01-19 12:24:23,205 - INFO -  ==== BEng Thesis - Intelligent Virtual Personal Assistant STARTED ==== 
2023-01-19 12:24:23,206 - INFO - BRAIN - exists.
2023-01-19 12:24:25,192 - INFO - BRAIN - bootstrap completed in 1.99 seconds
2023-01-19 12:24:28,232 - INFO - USER MSG - user's msg: ip address
2023-01-19 12:24:28,232 - INFO - INTENT - user's intent: findip
2023-01-19 12:24:51,968 - INFO -  ==== BEng Thesis - Intelligent Virtual Personal Assistant STARTED ==== 
2023-01-19 12:24:51,970 - INFO - BRAIN - exists.
2023-01-19 12:24:53,963 - INFO - BRAIN - bootstrap completed in 1.99 seconds
2023-01-19 12:24:59,654 - INFO - USER MSG - user's msg: ip address
2023-01-19 12:24:59,654 - INFO - INTENT - user's intent: findip
2023-01-19 12:28:00,418 - INFO -  ==== BEng Thesis - Intelligent Virtual Personal Assistant STARTED ==== 
2023-01-19 12:28:00,419 - INFO - BRAIN - exists.
2023-01-19 12:28:02,409 - INFO - BRAIN - bootstrap completed in 1.99 seconds
2023-01-19 12:28:05,610 - INFO - USER MSG - user's msg: ip address
2023-01-19 12:28:05,610 - INFO - INTENT - user's intent: findip
2023-01-19 12:28:51,853 - INFO -  ==== BEng Thesis - Intelligent Virtual Personal Assistant STARTED ==== 
2023-01-19 12:28:51,854 - INFO - BRAIN - exists.
2023-01-19 12:28:53,958 - INFO - BRAIN - bootstrap completed in 2.10 seconds
2023-01-19 12:28:57,235 - INFO - USER MSG - user's msg: ip address
2023-01-19 12:28:57,235 - INFO - INTENT - user's intent: findip
2023-01-19 12:34:10,001 - INFO -  ==== BEng Thesis - Intelligent Virtual Personal Assistant STARTED ==== 
2023-01-19 12:34:10,002 - INFO - BRAIN - exists.
2023-01-19 12:34:12,067 - INFO - BRAIN - bootstrap completed in 2.06 seconds
2023-01-19 12:34:18,306 - INFO - USER MSG - user's msg: ip address
2023-01-19 12:34:18,307 - INFO - INTENT - user's intent: findip
2023-01-19 12:46:54,760 - INFO -  ==== BEng Thesis - Intelligent Virtual Personal Assistant STARTED ==== 
2023-01-19 12:46:54,761 - INFO - BRAIN - exists.
2023-01-19 12:46:56,680 - INFO - BRAIN - bootstrap completed in 1.92 seconds
2023-01-19 12:47:01,693 - INFO - USER MSG - user's msg: ip address
2023-01-19 12:47:01,693 - INFO - INTENT - user's intent: findip
2023-01-19 12:47:46,444 - INFO -  ==== BEng Thesis - Intelligent Virtual Personal Assistant STARTED ==== 
2023-01-19 12:47:46,445 - INFO - BRAIN - exists.
2023-01-19 12:47:48,393 - INFO - BRAIN - bootstrap completed in 1.95 seconds
2023-01-19 12:47:54,661 - INFO - USER MSG - user's msg: ip address
2023-01-19 12:47:54,661 - INFO - INTENT - user's intent: findip
2023-01-19 12:48:56,515 - INFO -  ==== BEng Thesis - Intelligent Virtual Personal Assistant STARTED ==== 
2023-01-19 12:48:56,516 - INFO - BRAIN - exists.
2023-01-19 12:48:58,476 - INFO - BRAIN - bootstrap completed in 1.96 seconds
2023-01-19 12:49:28,157 - INFO - USER MSG - user's msg: ip address
2023-01-19 12:49:28,157 - INFO - INTENT - user's intent: findip
2023-01-19 12:50:14,482 - INFO -  ==== BEng Thesis - Intelligent Virtual Personal Assistant STARTED ==== 
2023-01-19 12:50:14,483 - INFO - BRAIN - exists.
2023-01-19 12:50:16,478 - INFO - BRAIN - bootstrap completed in 2.00 seconds
2023-01-19 12:50:22,210 - INFO - USER MSG - user's msg: ip address
2023-01-19 12:50:22,211 - INFO - INTENT - user's intent: findip
2023-01-19 12:51:14,214 - INFO -  ==== BEng Thesis - Intelligent Virtual Personal Assistant STARTED ==== 
2023-01-19 12:51:14,214 - INFO - BRAIN - exists.
2023-01-19 12:51:16,179 - INFO - BRAIN - bootstrap completed in 1.96 seconds
2023-01-19 12:51:21,054 - INFO - USER MSG - user's msg: ip address
2023-01-19 12:51:21,055 - INFO - INTENT - user's intent: findip
2023-01-19 12:51:55,409 - INFO -  ==== BEng Thesis - Intelligent Virtual Personal Assistant STARTED ==== 
2023-01-19 12:51:55,410 - INFO - BRAIN - exists.
2023-01-19 12:51:57,332 - INFO - BRAIN - bootstrap completed in 1.92 seconds
2023-01-19 12:52:00,789 - INFO - USER MSG - user's msg: ip address
2023-01-19 12:52:00,789 - INFO - INTENT - user's intent: findip
2023-01-19 12:53:07,716 - INFO -  ==== BEng Thesis - Intelligent Virtual Personal Assistant STARTED ==== 
2023-01-19 12:53:07,716 - INFO - BRAIN - exists.
2023-01-19 12:53:09,681 - INFO - BRAIN - bootstrap completed in 1.96 seconds
2023-01-19 12:53:13,723 - INFO - USER MSG - user's msg: ip address
2023-01-19 12:53:13,723 - INFO - INTENT - user's intent: findip
2023-01-19 12:54:30,682 - INFO -  ==== BEng Thesis - Intelligent Virtual Personal Assistant STARTED ==== 
2023-01-19 12:54:30,683 - INFO - BRAIN - exists.
2023-01-19 12:54:32,707 - INFO - BRAIN - bootstrap completed in 2.02 seconds
2023-01-19 12:54:35,412 - INFO - USER MSG - user's msg: ip address
2023-01-19 12:54:35,412 - INFO - INTENT - user's intent: findip
2023-01-19 12:54:52,969 - INFO -  ==== BEng Thesis - Intelligent Virtual Personal Assistant STARTED ==== 
2023-01-19 12:54:52,970 - INFO - BRAIN - exists.
2023-01-19 12:54:54,905 - INFO - BRAIN - bootstrap completed in 1.93 seconds
2023-01-19 12:54:58,068 - INFO - USER MSG - user's msg: ip address
2023-01-19 12:54:58,069 - INFO - INTENT - user's intent: findip
2023-01-19 12:57:18,981 - INFO -  ==== BEng Thesis - Intelligent Virtual Personal Assistant STARTED ==== 
2023-01-19 12:57:18,982 - INFO - BRAIN - exists.
2023-01-19 12:57:20,953 - INFO - BRAIN - bootstrap completed in 1.97 seconds
2023-01-19 12:57:25,079 - INFO - USER MSG - user's msg: ip address
2023-01-19 12:57:25,079 - INFO - INTENT - user's intent: findip
2023-01-19 13:01:47,828 - INFO -  ==== BEng Thesis - Intelligent Virtual Personal Assistant STARTED ==== 
2023-01-19 13:01:47,829 - INFO - KERNEL - creating a new brain file...
2023-01-19 13:01:51,537 - INFO - BRAIN - bootstrap completed in 3.71 seconds
2023-01-19 13:01:51,655 - INFO - BRAIN - saving file to bot_brain.brn, done in 0.1174170970916748 sec.
2023-01-19 13:01:57,228 - INFO - USER MSG - user's msg: what is ai?
2023-01-19 13:01:57,229 - INFO - INTENT - user's intent: weather
2023-01-19 13:02:20,845 - INFO -  ==== BEng Thesis - Intelligent Virtual Personal Assistant STARTED ==== 
2023-01-19 13:02:20,846 - INFO - BRAIN - exists.
2023-01-19 13:02:22,820 - INFO - BRAIN - bootstrap completed in 1.97 seconds
2023-01-19 13:02:28,037 - INFO - USER MSG - user's msg: do you know poland?
2023-01-19 13:02:28,038 - INFO - INTENT - user's intent: leaving
2023-01-19 13:02:37,204 - INFO - USER MSG - user's msg: Who is Lech Walesa?
2023-01-19 13:02:37,204 - INFO - INTENT - user's intent: weather
2023-01-19 13:03:25,709 - INFO -  ==== BEng Thesis - Intelligent Virtual Personal Assistant STARTED ==== 
2023-01-19 13:03:25,710 - INFO - BRAIN - exists.
2023-01-19 13:03:27,776 - INFO - BRAIN - bootstrap completed in 2.07 seconds
2023-01-19 13:03:38,578 - INFO - USER MSG - user's msg: Tell me joke!
2023-01-19 13:03:38,579 - INFO - INTENT - user's intent: leaving
2023-01-19 13:03:47,417 - INFO - USER MSG - user's msg: rabbit?
2023-01-19 13:03:47,417 - INFO - INTENT - user's intent: leaving
2023-01-19 13:03:57,295 - INFO - USER MSG - user's msg: Tell me something funny.
2023-01-19 13:03:57,295 - INFO - INTENT - user's intent: joke
2023-01-19 13:04:14,552 - INFO - USER MSG - user's msg: I want send nudes.
2023-01-19 13:04:14,553 - INFO - INTENT - user's intent: signal
2023-01-19 13:04:14,553 - INFO - ORDER - open: signal
2023-01-19 13:04:31,895 - INFO - USER MSG - user's msg: What is my IP address?
2023-01-19 13:04:31,895 - INFO - INTENT - user's intent: findip
2023-01-19 13:06:26,860 - INFO -  ==== BEng Thesis - Intelligent Virtual Personal Assistant STARTED ==== 
2023-01-19 13:06:26,862 - INFO - BRAIN - exists.
2023-01-19 13:06:28,905 - INFO - BRAIN - bootstrap completed in 2.04 seconds
2023-01-19 13:06:40,006 - INFO - USER MSG - user's msg: Tell me my IP address.
2023-01-19 13:06:40,007 - INFO - INTENT - user's intent: findip
2023-01-19 13:06:40,011 - INFO - ODER - run get request: 'https://api64.ipify.org?format=json'
2023-01-19 13:06:41,107 - INFO - ORDER - response: 89.64.15.210
2023-01-19 13:06:55,081 - INFO - USER MSG - user's msg: What is my IP address?
2023-01-19 13:06:55,081 - INFO - INTENT - user's intent: findip
2023-01-19 13:06:55,093 - INFO - ODER - run get request: 'https://api64.ipify.org?format=json'
2023-01-19 13:06:55,978 - INFO - ORDER - response: 89.64.15.210
2023-01-19 13:07:49,682 - INFO -  ==== BEng Thesis - Intelligent Virtual Personal Assistant STARTED ==== 
2023-01-19 13:07:49,683 - INFO - BRAIN - exists.
2023-01-19 13:07:51,675 - INFO - BRAIN - bootstrap completed in 1.99 seconds
2023-01-19 13:07:55,542 - INFO - USER MSG - user's msg: hello there
2023-01-19 13:07:55,542 - INFO - INTENT - user's intent: greeting
2023-01-19 13:08:00,884 - INFO - USER MSG - user's msg: How are you?
2023-01-19 13:08:00,884 - INFO - INTENT - user's intent: greeting
2023-01-19 13:08:10,820 - INFO - USER MSG - user's msg: Do you like playing any computer games?
2023-01-19 13:08:10,820 - INFO - INTENT - user's intent: leaving
2023-01-19 13:08:16,204 - INFO - USER MSG - user's msg: Seriously?
2023-01-19 13:08:16,204 - INFO - INTENT - user's intent: leaving
2023-01-19 13:08:20,083 - INFO - USER MSG - user's msg: Wow!
2023-01-19 13:08:20,083 - INFO - INTENT - user's intent: leaving
2023-01-19 13:09:23,455 - INFO - USER MSG - user's msg: Do you have any friends?
2023-01-19 13:09:23,455 - INFO - INTENT - user's intent: leaving
2023-01-19 13:09:30,090 - INFO - USER MSG - user's msg: Are you alive?
2023-01-19 13:09:30,090 - INFO - INTENT - user's intent: leaving
2023-01-19 13:09:39,198 - INFO - USER MSG - user's msg: Turing test?
2023-01-19 13:09:39,198 - INFO - INTENT - user's intent: leaving
2023-01-19 13:09:46,481 - INFO - USER MSG - user's msg: Can you think?
2023-01-19 13:09:46,481 - INFO - INTENT - user's intent: leaving
2023-01-19 13:18:07,674 - INFO -  ==== BEng Thesis - Intelligent Virtual Personal Assistant STARTED ==== 
2023-01-19 13:18:07,675 - INFO - BRAIN - exists.
2023-01-19 13:18:09,598 - INFO - BRAIN - bootstrap completed in 1.92 seconds
2023-01-19 13:19:49,219 - INFO -  ==== BEng Thesis - Intelligent Virtual Personal Assistant STARTED ==== 
2023-01-19 13:19:49,223 - INFO - BRAIN - exists.
2023-01-19 13:19:51,119 - INFO - BRAIN - bootstrap completed in 1.90 seconds
2023-01-19 13:20:08,533 - INFO -  ==== BEng Thesis - Intelligent Virtual Personal Assistant STARTED ==== 
2023-01-19 13:20:08,534 - INFO - BRAIN - exists.
2023-01-19 13:20:10,434 - INFO - BRAIN - bootstrap completed in 1.90 seconds
2023-01-19 13:20:31,533 - INFO -  ==== BEng Thesis - Intelligent Virtual Personal Assistant STARTED ==== 
2023-01-19 13:20:31,534 - INFO - BRAIN - exists.
2023-01-19 13:20:33,443 - INFO - BRAIN - bootstrap completed in 1.91 seconds
2023-01-19 13:21:21,373 - INFO -  ==== BEng Thesis - Intelligent Virtual Personal Assistant STARTED ==== 
2023-01-19 13:21:21,374 - INFO - BRAIN - exists.
2023-01-19 13:21:23,269 - INFO - BRAIN - bootstrap completed in 1.89 seconds
2023-01-19 13:25:38,760 - INFO -  ==== BEng Thesis - Intelligent Virtual Personal Assistant STARTED ==== 
2023-01-19 13:25:38,761 - INFO - BRAIN - exists.
2023-01-19 13:25:40,649 - INFO - BRAIN - bootstrap completed in 1.89 seconds
2023-01-19 13:26:42,030 - INFO -  ==== BEng Thesis - Intelligent Virtual Personal Assistant STARTED ==== 
2023-01-19 13:26:42,031 - INFO - BRAIN - exists.
2023-01-19 13:26:43,948 - INFO - BRAIN - bootstrap completed in 1.92 seconds
2023-01-19 13:31:07,443 - INFO -  ==== BEng Thesis - Intelligent Virtual Personal Assistant STARTED ==== 
2023-01-19 13:31:07,443 - INFO - BRAIN - exists.
2023-01-19 13:31:09,368 - INFO - BRAIN - bootstrap completed in 1.92 seconds
2023-01-19 13:32:00,278 - INFO -  ==== BEng Thesis - Intelligent Virtual Personal Assistant STARTED ==== 
2023-01-19 13:32:00,281 - INFO - BRAIN - exists.
2023-01-19 13:32:02,217 - INFO - BRAIN - bootstrap completed in 1.94 seconds
2023-01-19 13:32:56,312 - INFO -  ==== BEng Thesis - Intelligent Virtual Personal Assistant STARTED ==== 
2023-01-19 13:32:56,313 - INFO - BRAIN - exists.
2023-01-19 13:32:58,247 - INFO - BRAIN - bootstrap completed in 1.93 seconds
2023-01-19 13:33:51,159 - INFO -  ==== BEng Thesis - Intelligent Virtual Personal Assistant STARTED ==== 
2023-01-19 13:33:51,160 - INFO - BRAIN - exists.
2023-01-19 13:33:53,068 - INFO - BRAIN - bootstrap completed in 1.91 seconds
2023-01-19 13:35:19,453 - INFO -  ==== BEng Thesis - Intelligent Virtual Personal Assistant STARTED ==== 
2023-01-19 13:35:19,454 - INFO - BRAIN - exists.
2023-01-19 13:35:21,334 - INFO - BRAIN - bootstrap completed in 1.88 seconds
2023-01-19 13:35:49,242 - INFO -  ==== BEng Thesis - Intelligent Virtual Personal Assistant STARTED ==== 
2023-01-19 13:35:49,244 - INFO - BRAIN - exists.
2023-01-19 13:35:51,145 - INFO - BRAIN - bootstrap completed in 1.90 seconds
2023-01-19 13:36:34,813 - INFO -  ==== BEng Thesis - Intelligent Virtual Personal Assistant STARTED ==== 
2023-01-19 13:36:34,814 - INFO - BRAIN - exists.
2023-01-19 13:36:36,718 - INFO - BRAIN - bootstrap completed in 1.90 seconds
2023-01-19 13:37:41,034 - INFO -  ==== BEng Thesis - Intelligent Virtual Personal Assistant STARTED ==== 
2023-01-19 13:37:41,036 - INFO - BRAIN - exists.
2023-01-19 13:37:42,921 - INFO - BRAIN - bootstrap completed in 1.89 seconds
2023-01-19 13:38:59,020 - INFO -  ==== BEng Thesis - Intelligent Virtual Personal Assistant STARTED ==== 
2023-01-19 13:38:59,022 - INFO - BRAIN - exists.
2023-01-19 13:39:00,997 - INFO - BRAIN - bootstrap completed in 1.97 seconds
2023-01-19 13:39:38,832 - INFO -  ==== BEng Thesis - Intelligent Virtual Personal Assistant STARTED ==== 
2023-01-19 13:39:38,834 - INFO - BRAIN - exists.
2023-01-19 13:39:40,808 - INFO - BRAIN - bootstrap completed in 1.97 seconds
2023-01-19 13:40:42,717 - INFO -  ==== BEng Thesis - Intelligent Virtual Personal Assistant STARTED ==== 
2023-01-19 13:40:42,718 - INFO - BRAIN - exists.
2023-01-19 13:40:44,677 - INFO - BRAIN - bootstrap completed in 1.96 seconds
2023-01-19 13:41:34,778 - INFO -  ==== BEng Thesis - Intelligent Virtual Personal Assistant STARTED ==== 
2023-01-19 13:41:34,779 - INFO - BRAIN - exists.
2023-01-19 13:41:36,741 - INFO - BRAIN - bootstrap completed in 1.96 seconds
2023-01-19 13:41:38,008 - INFO - USER MSG - user's msg: f
2023-01-19 13:41:38,008 - INFO - INTENT - user's intent: leaving
2023-01-19 13:42:47,300 - INFO -  ==== BEng Thesis - Intelligent Virtual Personal Assistant STARTED ==== 
2023-01-19 13:42:47,301 - INFO - BRAIN - exists.
2023-01-19 13:42:49,262 - INFO - BRAIN - bootstrap completed in 1.96 seconds
2023-01-19 13:43:12,678 - INFO -  ==== BEng Thesis - Intelligent Virtual Personal Assistant STARTED ==== 
2023-01-19 13:43:12,680 - INFO - BRAIN - exists.
2023-01-19 13:43:14,632 - INFO - BRAIN - bootstrap completed in 1.95 seconds
2023-01-19 13:43:28,948 - INFO -  ==== BEng Thesis - Intelligent Virtual Personal Assistant STARTED ==== 
2023-01-19 13:43:28,949 - INFO - BRAIN - exists.
2023-01-19 13:43:30,889 - INFO - BRAIN - bootstrap completed in 1.94 seconds
2023-01-19 13:43:43,449 - INFO -  ==== BEng Thesis - Intelligent Virtual Personal Assistant STARTED ==== 
2023-01-19 13:43:43,451 - INFO - BRAIN - exists.
2023-01-19 13:43:45,369 - INFO - BRAIN - bootstrap completed in 1.92 seconds
2023-01-19 13:43:51,265 - INFO -  ==== BEng Thesis - Intelligent Virtual Personal Assistant STARTED ==== 
2023-01-19 13:43:51,266 - INFO - BRAIN - exists.
2023-01-19 13:43:53,254 - INFO - BRAIN - bootstrap completed in 1.99 seconds
2023-01-19 13:43:59,212 - INFO -  ==== BEng Thesis - Intelligent Virtual Personal Assistant STARTED ==== 
2023-01-19 13:43:59,213 - INFO - BRAIN - exists.
2023-01-19 13:44:01,147 - INFO - BRAIN - bootstrap completed in 1.93 seconds
2023-01-19 13:46:58,518 - INFO -  ==== BEng Thesis - Intelligent Virtual Personal Assistant STARTED ==== 
2023-01-19 13:46:58,519 - INFO - BRAIN - exists.
2023-01-19 13:47:00,439 - INFO - BRAIN - bootstrap completed in 1.92 seconds
2023-01-19 13:47:16,144 - INFO - USER MSG - user's msg: Tell me a joke.
2023-01-19 13:47:16,144 - INFO - INTENT - user's intent: leaving
2023-01-19 13:49:26,736 - INFO - USER MSG - user's msg: Another joke?
2023-01-19 13:49:26,737 - INFO - INTENT - user's intent: leaving
2023-01-19 13:49:49,424 - INFO - USER MSG - user's msg: Okay, let's talk about something different. Do you like cats?
2023-01-19 13:49:49,424 - INFO - INTENT - user's intent: leaving
2023-01-19 13:50:07,420 - INFO - USER MSG - user's msg: Do you have a cat?
2023-01-19 13:50:07,421 - INFO - INTENT - user's intent: leaving
2023-01-19 13:53:54,472 - INFO - USER MSG - user's msg: I have a cat, you know?
2023-01-19 13:53:54,472 - INFO - INTENT - user's intent: leaving
2023-01-19 13:53:59,385 - INFO - USER MSG - user's msg: Its Felix.
2023-01-19 13:53:59,385 - INFO - INTENT - user's intent: leaving
2023-01-19 13:54:05,692 - INFO - USER MSG - user's msg: Yes, it is my cat.
2023-01-19 13:54:05,692 - INFO - INTENT - user's intent: weather
2023-01-19 13:54:21,951 - INFO - USER MSG - user's msg: I am Saggittarius.
2023-01-19 13:54:21,951 - INFO - INTENT - user's intent: leaving
2023-01-19 13:56:32,224 - INFO - USER MSG - user's msg: Do you like travelling?
2023-01-19 13:56:32,224 - INFO - INTENT - user's intent: leaving
2023-01-19 13:56:52,571 - INFO - USER MSG - user's msg: Have you visited any country?
2023-01-19 13:56:52,571 - INFO - INTENT - user's intent: leaving
2023-01-19 14:04:16,508 - INFO -  ==== BEng Thesis - Intelligent Virtual Personal Assistant STARTED ==== 
2023-01-19 14:04:16,510 - INFO - BRAIN - exists.
2023-01-19 14:04:18,487 - INFO - BRAIN - bootstrap completed in 1.98 seconds
2023-01-19 14:04:34,207 - INFO -  ==== BEng Thesis - Intelligent Virtual Personal Assistant STARTED ==== 
2023-01-19 14:04:34,208 - INFO - BRAIN - exists.
2023-01-19 14:04:36,508 - INFO - BRAIN - bootstrap completed in 2.30 seconds
2023-01-19 14:05:23,156 - INFO -  ==== BEng Thesis - Intelligent Virtual Personal Assistant STARTED ==== 
2023-01-19 14:05:23,158 - INFO - BRAIN - exists.
2023-01-19 14:05:25,087 - INFO - BRAIN - bootstrap completed in 1.93 seconds
2023-01-19 14:05:33,567 - INFO - USER MSG - user's msg: Hello there!
2023-01-19 14:05:33,567 - INFO - INTENT - user's intent: greeting
2023-01-19 14:05:39,872 - INFO - USER MSG - user's msg: What's up?
2023-01-19 14:05:39,872 - INFO - INTENT - user's intent: options
2023-01-19 14:05:46,807 - INFO - USER MSG - user's msg: Clients?
2023-01-19 14:05:46,807 - INFO - INTENT - user's intent: leaving
2023-01-19 14:05:54,165 - INFO - USER MSG - user's msg: Why do you talk with them?
2023-01-19 14:05:54,165 - INFO - INTENT - user's intent: leaving
2023-01-19 14:06:02,075 - INFO - USER MSG - user's msg: Huh, you are quite funny.
2023-01-19 14:06:02,076 - INFO - INTENT - user's intent: greeting
2023-01-19 14:06:07,473 - INFO - USER MSG - user's msg: :)
2023-01-19 14:06:07,473 - INFO - INTENT - user's intent: leaving
2023-01-19 14:06:20,952 - INFO - USER MSG - user's msg: Can you tell me what is my IP address?
2023-01-19 14:06:20,952 - INFO - INTENT - user's intent: findip
2023-01-19 14:06:20,971 - INFO - ODER - run get request: 'https://api64.ipify.org?format=json'
2023-01-19 14:06:23,190 - INFO - ORDER - response: 89.64.15.210
2023-01-19 14:10:18,604 - INFO -  ==== BEng Thesis - Intelligent Virtual Personal Assistant STARTED ==== 
2023-01-19 14:10:18,607 - INFO - BRAIN - exists.
2023-01-19 14:10:20,577 - INFO - BRAIN - bootstrap completed in 1.97 seconds
2023-01-19 14:10:34,382 - INFO -  ==== BEng Thesis - Intelligent Virtual Personal Assistant STARTED ==== 
2023-01-19 14:10:34,383 - INFO - BRAIN - exists.
2023-01-19 14:10:36,385 - INFO - BRAIN - bootstrap completed in 2.00 seconds
2023-01-19 14:10:44,192 - INFO -  ==== BEng Thesis - Intelligent Virtual Personal Assistant STARTED ==== 
2023-01-19 14:10:44,193 - INFO - BRAIN - exists.
2023-01-19 14:10:46,088 - INFO - BRAIN - bootstrap completed in 1.90 seconds
2023-01-19 14:10:52,234 - INFO -  ==== BEng Thesis - Intelligent Virtual Personal Assistant STARTED ==== 
2023-01-19 14:10:52,235 - INFO - BRAIN - exists.
2023-01-19 14:10:54,158 - INFO - BRAIN - bootstrap completed in 1.92 seconds
2023-01-19 14:11:15,246 - INFO -  ==== BEng Thesis - Intelligent Virtual Personal Assistant STARTED ==== 
2023-01-19 14:11:15,248 - INFO - BRAIN - exists.
2023-01-19 14:11:17,156 - INFO - BRAIN - bootstrap completed in 1.91 seconds
2023-01-19 14:11:43,903 - INFO -  ==== BEng Thesis - Intelligent Virtual Personal Assistant STARTED ==== 
2023-01-19 14:11:43,905 - INFO - BRAIN - exists.
2023-01-19 14:11:45,855 - INFO - BRAIN - bootstrap completed in 1.95 seconds
2023-01-19 14:11:56,569 - INFO -  ==== BEng Thesis - Intelligent Virtual Personal Assistant STARTED ==== 
2023-01-19 14:11:56,570 - INFO - BRAIN - exists.
2023-01-19 14:11:58,506 - INFO - BRAIN - bootstrap completed in 1.94 seconds
2023-01-19 14:12:59,690 - INFO -  ==== BEng Thesis - Intelligent Virtual Personal Assistant STARTED ==== 
2023-01-19 14:12:59,692 - INFO - BRAIN - exists.
2023-01-19 14:13:01,663 - INFO - BRAIN - bootstrap completed in 1.97 seconds
2023-01-19 14:13:11,177 - INFO - USER MSG - user's msg: I want a fortune cookie.
2023-01-19 14:13:11,178 - INFO - INTENT - user's intent: horoscope
2023-01-19 14:13:18,637 - INFO - USER MSG - user's msg: Another cookie?
2023-01-19 14:13:18,638 - INFO - INTENT - user's intent: horoscope
2023-01-19 14:13:28,664 - INFO - USER MSG - user's msg: Haha!
2023-01-19 14:13:28,664 - INFO - INTENT - user's intent: leaving
2023-01-19 14:13:36,899 - INFO - USER MSG - user's msg: How are you today?
2023-01-19 14:13:36,899 - INFO - INTENT - user's intent: greeting
2023-01-19 14:13:45,140 - INFO - USER MSG - user's msg: Glad to hear that.
2023-01-19 14:13:45,140 - INFO - INTENT - user's intent: leaving
2023-01-19 14:13:48,659 - INFO - USER MSG - user's msg: BLACJACK
2023-01-19 14:13:48,659 - INFO - INTENT - user's intent: leaving
2023-01-19 14:13:55,429 - INFO - USER MSG - user's msg: BLACKJACK
2023-01-19 14:13:55,429 - INFO - INTENT - user's intent: leaving
2023-01-19 14:14:05,894 - INFO - USER MSG - user's msg: I do not think so. It is a horror.
2023-01-19 14:14:05,895 - INFO - INTENT - user's intent: weather
2023-01-19 16:04:59,520 - INFO -  ==== BEng Thesis - Intelligent Virtual Personal Assistant STARTED ==== 
2023-01-19 16:04:59,522 - INFO - BRAIN - exists.
2023-01-19 16:05:01,435 - INFO - BRAIN - bootstrap completed in 1.91 seconds
2023-01-19 16:05:05,781 - INFO - USER MSG - user's msg: weather
2023-01-19 16:05:05,781 - INFO - INTENT - user's intent: weather
2023-01-19 16:06:03,181 - INFO -  ==== BEng Thesis - Intelligent Virtual Personal Assistant STARTED ==== 
2023-01-19 16:06:03,182 - INFO - BRAIN - exists.
2023-01-19 16:06:05,061 - INFO - BRAIN - bootstrap completed in 1.88 seconds
2023-01-19 16:06:15,931 - INFO - USER MSG - user's msg: Tell me the current weather.
2023-01-19 16:06:15,932 - INFO - INTENT - user's intent: weather
2023-01-19 16:06:15,935 - INFO - ORDER - run get request: 'http://api.openweathermap.org/data/2.5/weather?q=3081368'
2023-01-19 16:13:38,825 - INFO -  ==== BEng Thesis - Intelligent Virtual Personal Assistant STARTED ==== 
2023-01-19 16:13:38,826 - INFO - BRAIN - exists.
2023-01-19 16:13:40,769 - INFO - BRAIN - bootstrap completed in 1.94 seconds
2023-01-19 16:13:43,633 - INFO - USER MSG - user's msg: weather
2023-01-19 16:13:43,633 - INFO - INTENT - user's intent: weather
2023-01-19 16:13:43,637 - INFO - ORDER - run get request: 'http://api.openweathermap.org/data/2.5/weather?q=3081368'
2023-01-19 16:17:04,336 - INFO -  ==== BEng Thesis - Intelligent Virtual Personal Assistant STARTED ==== 
2023-01-19 16:17:04,337 - INFO - BRAIN - exists.
2023-01-19 16:17:06,285 - INFO - BRAIN - bootstrap completed in 1.95 seconds
2023-01-19 16:17:10,516 - INFO - USER MSG - user's msg: weather
2023-01-19 16:17:10,516 - INFO - INTENT - user's intent: weather
2023-01-19 16:17:10,527 - INFO - ORDER - run get request: 'http://api.openweathermap.org/data/2.5/weather?q=3081368'
2023-01-19 16:17:54,518 - INFO -  ==== BEng Thesis - Intelligent Virtual Personal Assistant STARTED ==== 
2023-01-19 16:17:54,519 - INFO - BRAIN - exists.
2023-01-19 16:17:56,448 - INFO - BRAIN - bootstrap completed in 1.93 seconds
2023-01-19 16:18:14,444 - INFO - USER MSG - user's msg: weather
2023-01-19 16:18:14,445 - INFO - INTENT - user's intent: weather
2023-01-19 16:18:14,455 - INFO - ORDER - run get request: 'http://api.openweathermap.org/data/2.5/weather?q=3081368'
2023-01-19 16:20:19,230 - INFO -  ==== BEng Thesis - Intelligent Virtual Personal Assistant STARTED ==== 
2023-01-19 16:20:19,232 - INFO - BRAIN - exists.
2023-01-19 16:20:21,160 - INFO - BRAIN - bootstrap completed in 1.93 seconds
2023-01-19 16:20:23,969 - INFO - USER MSG - user's msg: weather
2023-01-19 16:20:23,970 - INFO - INTENT - user's intent: weather
2023-01-19 16:20:23,973 - INFO - ORDER - run get request: 'http://api.openweathermap.org/data/2.5/weather?q=3081368'
2023-01-19 16:24:40,060 - INFO -  ==== BEng Thesis - Intelligent Virtual Personal Assistant STARTED ==== 
2023-01-19 16:24:40,062 - INFO - BRAIN - exists.
2023-01-19 16:24:42,075 - INFO - BRAIN - bootstrap completed in 2.01 seconds
2023-01-19 16:24:45,192 - INFO - USER MSG - user's msg: weather
2023-01-19 16:24:45,193 - INFO - INTENT - user's intent: weather
2023-01-19 16:24:45,196 - INFO - ORDER - run get request: 'http://api.openweathermap.org/data/2.5/weather?q=3081368'
2023-01-19 16:24:45,441 - INFO - ORDER - response: {'coord': {'lon': 17, 'lat': 51}, 'weather': [{'id': 800, 'main': 'Clear', 'description': 'clear sky', 'icon': '01n'}], 'base': 'stations', 'main': {'temp': 0.83, 'feels_like': 0.83, 'temp_min': -0.56, 'temp_max': 2.77, 'pressure': 1007, 'humidity': 79}, 'visibility': 10000, 'wind': {'speed': 1.03, 'deg': 0}, 'clouds': {'all': 0}, 'dt': 1674141885, 'sys': {'type': 2, 'id': 2006601, 'country': 'PL', 'sunrise': 1674110729, 'sunset': 1674141557}, 'timezone': 3600, 'id': 3080007, 'name': 'rawina', 'cod': 200}
2023-01-19 16:25:15,103 - INFO - USER MSG - user's msg: Some weather stats?
2023-01-19 16:25:15,103 - INFO - INTENT - user's intent: weather
2023-01-19 16:25:15,114 - INFO - ORDER - run get request: 'http://api.openweathermap.org/data/2.5/weather?q=3081368'
2023-01-19 16:25:15,281 - INFO - ORDER - response: {'coord': {'lon': 17, 'lat': 51}, 'weather': [{'id': 800, 'main': 'Clear', 'description': 'clear sky', 'icon': '01n'}], 'base': 'stations', 'main': {'temp': 0.83, 'feels_like': 0.83, 'temp_min': -0.56, 'temp_max': 2.77, 'pressure': 1007, 'humidity': 79}, 'visibility': 10000, 'wind': {'speed': 1.03, 'deg': 0}, 'clouds': {'all': 0}, 'dt': 1674141885, 'sys': {'type': 2, 'id': 2006601, 'country': 'PL', 'sunrise': 1674110729, 'sunset': 1674141557}, 'timezone': 3600, 'id': 3080007, 'name': 'rawina', 'cod': 200}
2023-01-19 16:26:12,073 - INFO - USER MSG - user's msg: Any jokes for today?
2023-01-19 16:26:12,073 - INFO - INTENT - user's intent: weather
2023-01-19 16:26:12,085 - INFO - ORDER - run get request: 'http://api.openweathermap.org/data/2.5/weather?q=3081368'
2023-01-19 16:26:12,260 - INFO - ORDER - response: {'coord': {'lon': 17, 'lat': 51}, 'weather': [{'id': 800, 'main': 'Clear', 'description': 'clear sky', 'icon': '01n'}], 'base': 'stations', 'main': {'temp': 0.83, 'feels_like': 0.83, 'temp_min': -0.56, 'temp_max': 2.77, 'pressure': 1007, 'humidity': 79}, 'visibility': 10000, 'wind': {'speed': 1.03, 'deg': 0}, 'clouds': {'all': 0}, 'dt': 1674141885, 'sys': {'type': 2, 'id': 2006601, 'country': 'PL', 'sunrise': 1674110729, 'sunset': 1674141557}, 'timezone': 3600, 'id': 3080007, 'name': 'rawina', 'cod': 200}
2023-01-19 16:26:58,417 - INFO -  ==== BEng Thesis - Intelligent Virtual Personal Assistant STARTED ==== 
2023-01-19 16:26:58,418 - INFO - BRAIN - exists.
2023-01-19 16:27:00,350 - INFO - BRAIN - bootstrap completed in 1.93 seconds
2023-01-19 16:27:09,141 - INFO - USER MSG - user's msg: Should I take any umbrella?
2023-01-19 16:27:09,142 - INFO - INTENT - user's intent: weather
2023-01-19 16:27:09,146 - INFO - ORDER - run get request: 'http://api.openweathermap.org/data/2.5/weather?q=3081368'
2023-01-19 16:27:09,357 - INFO - ORDER - response: {'coord': {'lon': 17, 'lat': 51}, 'weather': [{'id': 800, 'main': 'Clear', 'description': 'clear sky', 'icon': '01n'}], 'base': 'stations', 'main': {'temp': 0.83, 'feels_like': 0.83, 'temp_min': -0.56, 'temp_max': 2.77, 'pressure': 1007, 'humidity': 79}, 'visibility': 10000, 'wind': {'speed': 1.03, 'deg': 0}, 'clouds': {'all': 0}, 'dt': 1674141885, 'sys': {'type': 2, 'id': 2006601, 'country': 'PL', 'sunrise': 1674110729, 'sunset': 1674141557}, 'timezone': 3600, 'id': 3080007, 'name': 'rawina', 'cod': 200}
2023-01-19 16:27:41,546 - INFO - USER MSG - user's msg: Do you like rain?
2023-01-19 16:27:41,546 - INFO - INTENT - user's intent: leaving
2023-01-19 16:27:47,838 - INFO - USER MSG - user's msg: It is wet.
2023-01-19 16:27:47,838 - INFO - INTENT - user's intent: weather
2023-01-19 16:27:47,851 - INFO - ORDER - run get request: 'http://api.openweathermap.org/data/2.5/weather?q=3081368'
2023-01-19 16:27:48,003 - INFO - ORDER - response: {'coord': {'lon': 17, 'lat': 51}, 'weather': [{'id': 800, 'main': 'Clear', 'description': 'clear sky', 'icon': '01n'}], 'base': 'stations', 'main': {'temp': 0.83, 'feels_like': 0.83, 'temp_min': -0.56, 'temp_max': 2.77, 'pressure': 1007, 'humidity': 79}, 'visibility': 10000, 'wind': {'speed': 1.03, 'deg': 0}, 'clouds': {'all': 0}, 'dt': 1674141885, 'sys': {'type': 2, 'id': 2006601, 'country': 'PL', 'sunrise': 1674110729, 'sunset': 1674141557}, 'timezone': 3600, 'id': 3080007, 'name': 'rawina', 'cod': 200}
2023-01-19 16:30:30,525 - INFO -  ==== BEng Thesis - Intelligent Virtual Personal Assistant STARTED ==== 
2023-01-19 16:30:30,527 - INFO - BRAIN - exists.
2023-01-19 16:30:32,447 - INFO - BRAIN - bootstrap completed in 1.92 seconds
2023-01-19 16:30:38,002 - INFO - USER MSG - user's msg: Give me terminal
2023-01-19 16:30:38,002 - INFO - INTENT - user's intent: leaving
2023-01-19 16:30:45,466 - INFO - USER MSG - user's msg: Switch on terminal
2023-01-19 16:30:45,466 - INFO - INTENT - user's intent: leaving
2023-01-19 16:30:59,504 - INFO -  ==== BEng Thesis - Intelligent Virtual Personal Assistant STARTED ==== 
2023-01-19 16:30:59,506 - INFO - BRAIN - exists.
2023-01-19 16:31:01,439 - INFO - BRAIN - bootstrap completed in 1.93 seconds
2023-01-19 16:31:05,886 - INFO - USER MSG - user's msg: Open terminal
2023-01-19 16:31:05,887 - INFO - INTENT - user's intent: signal
2023-01-19 16:31:05,887 - INFO - ORDER - open: signal
2023-01-19 16:31:27,738 - INFO -  ==== BEng Thesis - Intelligent Virtual Personal Assistant STARTED ==== 
2023-01-19 16:31:27,740 - INFO - BRAIN - exists.
2023-01-19 16:31:29,735 - INFO - BRAIN - bootstrap completed in 1.99 seconds
2023-01-19 16:31:33,311 - INFO - USER MSG - user's msg: I need my terminal
2023-01-19 16:31:33,311 - INFO - INTENT - user's intent: leaving
2023-01-19 16:31:37,627 - INFO - USER MSG - user's msg: need terminal
2023-01-19 16:31:37,628 - INFO - INTENT - user's intent: leaving
2023-01-19 16:32:02,033 - INFO -  ==== BEng Thesis - Intelligent Virtual Personal Assistant STARTED ==== 
2023-01-19 16:32:02,034 - INFO - BRAIN - exists.
2023-01-19 16:32:03,994 - INFO - BRAIN - bootstrap completed in 1.96 seconds
2023-01-19 16:32:12,038 - INFO - USER MSG - user's msg: Hi! How are you?
2023-01-19 16:32:12,038 - INFO - INTENT - user's intent: greeting
2023-01-19 16:32:21,175 - INFO - USER MSG - user's msg: What is the weather now?
2023-01-19 16:32:21,175 - INFO - INTENT - user's intent: weather
2023-01-19 16:32:21,185 - INFO - ORDER - run get request: 'http://api.openweathermap.org/data/2.5/weather?q=3081368'
2023-01-19 16:32:21,400 - INFO - ORDER - response: {'coord': {'lon': 17, 'lat': 51}, 'weather': [{'id': 800, 'main': 'Clear', 'description': 'clear sky', 'icon': '01n'}], 'base': 'stations', 'main': {'temp': 0.83, 'feels_like': 0.83, 'temp_min': -0.56, 'temp_max': 2.77, 'pressure': 1007, 'humidity': 79}, 'visibility': 10000, 'wind': {'speed': 1.03, 'deg': 0}, 'clouds': {'all': 0}, 'dt': 1674141885, 'sys': {'type': 2, 'id': 2006601, 'country': 'PL', 'sunrise': 1674110729, 'sunset': 1674141557}, 'timezone': 3600, 'id': 3080007, 'name': 'rawina', 'cod': 200}
2023-01-19 16:32:45,944 - INFO - USER MSG - user's msg: What something else are you thinking?
2023-01-19 16:32:45,944 - INFO - INTENT - user's intent: options
2023-01-19 16:32:54,847 - INFO - USER MSG - user's msg: Who?
2023-01-19 16:32:54,848 - INFO - INTENT - user's intent: leaving
2023-01-19 16:33:01,119 - INFO - USER MSG - user's msg: You forgot again?
2023-01-19 16:33:01,119 - INFO - INTENT - user's intent: leaving
2023-01-22 11:34:45,098 - INFO -  ==== BEng Thesis - Intelligent Virtual Personal Assistant STARTED ==== 
2023-01-22 11:34:45,099 - INFO - BRAIN - exists.
2023-01-22 11:34:47,051 - INFO - BRAIN - bootstrap completed in 1.95 seconds
2023-01-22 11:35:03,685 - INFO - USER MSG - user's msg: Hello, how are you?
2023-01-22 11:35:03,685 - INFO - INTENT - user's intent: greeting
2023-01-22 11:35:21,758 - INFO - USER MSG - user's msg: Tell me the weather.
2023-01-22 11:35:21,758 - INFO - INTENT - user's intent: weather
2023-01-22 11:35:21,763 - INFO - ORDER - run get request: 'http://api.openweathermap.org/data/2.5/weather?q=3081368'
2023-01-22 11:35:22,010 - INFO - ORDER - response: {'coord': {'lon': 17, 'lat': 51}, 'weather': [{'id': 804, 'main': 'Clouds', 'description': 'overcast clouds', 'icon': '04d'}], 'base': 'stations', 'main': {'temp': 1.08, 'feels_like': -1.27, 'temp_min': 0.25, 'temp_max': 1.86, 'pressure': 1028, 'humidity': 91}, 'visibility': 10000, 'wind': {'speed': 2.06, 'deg': 60}, 'clouds': {'all': 100}, 'dt': 1674383721, 'sys': {'type': 2, 'id': 2006601, 'country': 'PL', 'sunrise': 1674369742, 'sunset': 1674401051}, 'timezone': 3600, 'id': 3080007, 'name': 'rawina', 'cod': 200}
2023-01-22 11:35:57,235 - INFO - USER MSG - user's msg: And what is my ip address?
2023-01-22 11:35:57,235 - INFO - INTENT - user's intent: findip
2023-01-22 11:35:57,248 - INFO - ODER - run get request: 'https://api64.ipify.org?format=json'
2023-01-22 11:35:57,844 - INFO - ORDER - response: 2a02:a317:e03e:7c80:7f1b:8c03:5ca6:33bd
2023-01-22 11:36:24,426 - INFO - USER MSG - user's msg: Anything funny?
2023-01-22 11:36:24,426 - INFO - INTENT - user's intent: leaving
2023-01-22 11:36:33,279 - INFO - USER MSG - user's msg: Open discord
2023-01-22 11:36:33,279 - INFO - INTENT - user's intent: discord
2023-01-22 11:36:33,280 - INFO - ORDER - open: Discord App
2023-01-22 11:36:47,074 - INFO - USER MSG - user's msg: I want to write a story.
2023-01-22 11:36:47,074 - INFO - INTENT - user's intent: xed
2023-01-22 11:36:47,076 - INFO - ORDER - open: xed
2023-01-22 11:38:08,422 - INFO - USER MSG - user's msg: Do you know Poland?
2023-01-22 11:38:08,423 - INFO - INTENT - user's intent: leaving
2023-01-22 11:39:03,843 - INFO - USER MSG - user's msg: I want a fortune cookie.
2023-01-22 11:39:03,843 - INFO - INTENT - user's intent: horoscope
2023-01-22 11:41:56,398 - INFO -  ==== BEng Thesis - Intelligent Virtual Personal Assistant STARTED ==== 
2023-01-22 11:41:56,399 - INFO - BRAIN - exists.
2023-01-22 11:41:58,348 - INFO - BRAIN - bootstrap completed in 1.95 seconds
2023-01-22 11:42:08,773 - INFO - USER MSG - user's msg: bla bla
2023-01-22 11:42:08,773 - INFO - INTENT - user's intent: leaving
2023-01-27 15:40:37,736 - INFO -  ==== BEng Thesis - Intelligent Virtual Personal Assistant STARTED ==== 
2023-01-27 15:40:37,738 - INFO - BRAIN - exists.
2023-01-27 15:41:29,408 - INFO -  ==== BEng Thesis - Intelligent Virtual Personal Assistant STARTED ==== 
2023-01-27 15:41:29,409 - INFO - BRAIN - exists.
2023-01-27 15:43:23,512 - INFO -  ==== BEng Thesis - Intelligent Virtual Personal Assistant STARTED ==== 
2023-01-27 15:43:23,513 - INFO - BRAIN - exists.
2023-01-27 15:44:53,015 - INFO -  ==== BEng Thesis - Intelligent Virtual Personal Assistant STARTED ==== 
2023-01-27 15:44:53,016 - INFO - BRAIN - exists.
2023-01-27 15:44:54,992 - INFO - None
2023-01-27 15:45:55,197 - INFO -  ==== BEng Thesis - Intelligent Virtual Personal Assistant STARTED ==== 
2023-01-27 15:45:55,200 - INFO - BRAIN - exists.
2023-01-27 15:45:57,135 - INFO - None
2023-01-27 15:46:45,706 - INFO -  ==== BEng Thesis - Intelligent Virtual Personal Assistant STARTED ==== 
2023-01-27 15:46:45,707 - INFO - BRAIN - exists.
2023-01-27 15:46:47,623 - INFO - None
2023-01-27 15:52:42,848 - INFO -  ==== BEng Thesis - Intelligent Virtual Personal Assistant STARTED ==== 
2023-01-27 15:52:42,849 - INFO - BRAIN - exists.
2023-01-27 15:52:44,751 - INFO - None
2023-01-27 16:06:42,935 - INFO -  ==== BEng Thesis - Intelligent Virtual Personal Assistant STARTED ==== 
2023-01-27 16:06:42,937 - INFO - BRAIN - exists.
2023-01-27 16:06:44,891 - INFO - None
2023-01-27 17:07:17,625 - INFO -  ==== BEng Thesis - Intelligent Virtual Personal Assistant STARTED ==== 
2023-01-27 17:07:17,626 - INFO - BRAIN - exists.
2023-01-27 17:07:19,613 - INFO - None
2023-01-27 17:08:00,951 - INFO -  ==== BEng Thesis - Intelligent Virtual Personal Assistant STARTED ==== 
2023-01-27 17:08:00,953 - INFO - BRAIN - exists.
2023-01-27 17:08:02,906 - INFO - None
2023-01-28 12:41:26,652 - INFO -  ==== BEng Thesis - Intelligent Virtual Personal Assistant STARTED ==== 
2023-01-28 12:41:26,654 - INFO - BRAIN - exists.
2023-01-28 12:41:28,825 - INFO - None
2023-01-28 12:41:50,307 - INFO - USER MSG - user's msg: Yeah, just writing my papers... How are you?
2023-01-28 12:41:50,307 - INFO - INTENT - user's intent: greeting
2023-01-28 12:42:17,711 - INFO - USER MSG - user's msg: I like cookies. And I am fine too. Thanks!
2023-01-28 12:42:17,711 - INFO - INTENT - user's intent: leaving
2023-01-28 12:53:38,713 - INFO -  ==== BEng Thesis - Intelligent Virtual Personal Assistant STARTED ==== 
2023-01-28 12:53:38,714 - INFO - BRAIN - exists.
2023-01-28 12:53:40,713 - INFO - None
2023-01-28 12:54:08,430 - INFO - USER MSG - user's msg: Tell me about the weather, now.
2023-01-28 12:54:08,431 - INFO - INTENT - user's intent: weather
2023-01-28 12:54:08,440 - INFO - ORDER - run get request: 'http://api.openweathermap.org/data/2.5/weather?q=3081368'
2023-01-28 12:54:08,697 - INFO - ORDER - response: {'coord': {'lon': 17, 'lat': 51}, 'weather': [{'id': 803, 'main': 'Clouds', 'description': 'broken clouds', 'icon': '04d'}], 'base': 'stations', 'main': {'temp': -0.92, 'feels_like': -5.5, 'temp_min': -1.19, 'temp_max': -0.37, 'pressure': 1026, 'humidity': 88}, 'visibility': 10000, 'wind': {'speed': 4.12, 'deg': 360}, 'clouds': {'all': 75}, 'dt': 1674906848, 'sys': {'type': 2, 'id': 2006601, 'country': 'PL', 'sunrise': 1674887702, 'sunset': 1674920067}, 'timezone': 3600, 'id': 3080007, 'name': 'rawina', 'cod': 200}
2023-01-28 13:00:55,027 - INFO - USER MSG - user's msg: Play this music: /home/wiktoria/PyCharm Personal Projects/virtual-assistant/data/music/darren-curtis-witch-by-the-sea.mp3
2023-01-28 13:00:55,027 - INFO - INTENT - user's intent: music
2023-01-28 13:00:55,028 - INFO - ORDER - play:  /home/wiktoria/PyCharm Personal Projects/virtual-assistant/data/music/darren-curtis-witch-by-the-sea.mp3
2023-01-28 13:07:20,964 - INFO - USER MSG - user's msg: Nope, I think about something different.
2023-01-28 13:07:20,964 - INFO - INTENT - user's intent: leaving
2023-01-28 13:07:38,945 - INFO - USER MSG - user's msg: About something funny, you know.
2023-01-28 13:07:38,945 - INFO - INTENT - user's intent: leaving
2023-01-28 13:07:47,778 - INFO - USER MSG - user's msg: Maybe tell me a joke?
2023-01-28 13:07:47,778 - INFO - INTENT - user's intent: leaving
2023-01-28 13:25:39,306 - INFO -  ==== BEng Thesis - Intelligent Virtual Personal Assistant STARTED ==== 
2023-01-28 13:25:39,307 - INFO - BRAIN - exists.
2023-01-28 13:25:41,270 - INFO - None
2023-01-28 13:25:53,827 - INFO - USER MSG - user's msg: Yes, I drank.
2023-01-28 13:25:53,828 - INFO - INTENT - user's intent: leaving
2023-01-28 13:26:04,885 - INFO - USER MSG - user's msg: Yes
2023-01-28 13:26:04,886 - INFO - INTENT - user's intent: leaving
2023-01-28 13:26:07,787 - INFO - USER MSG - user's msg: No
2023-01-28 13:26:07,788 - INFO - INTENT - user's intent: leaving
2023-01-28 13:27:30,751 - INFO -  ==== BEng Thesis - Intelligent Virtual Personal Assistant STARTED ==== 
2023-01-28 13:27:30,753 - INFO - BRAIN - exists.
2023-01-28 13:27:32,746 - INFO - None
2023-01-28 13:27:45,354 - INFO - USER MSG - user's msg: Nope.
2023-01-28 13:27:45,355 - INFO - INTENT - user's intent: leaving
2023-01-28 13:28:24,818 - INFO - USER MSG - user's msg: Yes!
2023-01-28 13:28:24,819 - INFO - INTENT - user's intent: leaving
2023-01-28 13:50:33,136 - INFO -  ==== BEng Thesis - Intelligent Virtual Personal Assistant STARTED ==== 
2023-01-28 13:50:33,139 - INFO - BRAIN - exists.
2023-01-28 13:50:35,152 - INFO - None
2023-03-23 13:31:19,960 - INFO -  ==== BEng Thesis - Intelligent Virtual Personal Assistant STARTED ==== 
2023-03-23 13:31:19,962 - INFO - BRAIN - exists.
2023-03-23 13:31:22,059 - INFO - None
2023-03-23 13:31:43,256 - INFO -  ==== BEng Thesis - Intelligent Virtual Personal Assistant STARTED ==== 
2023-03-23 13:31:43,257 - INFO - BRAIN - exists.
2023-03-23 13:31:45,266 - INFO - None
2023-10-16 18:21:54,352 - INFO -  ==== BEng Thesis - Intelligent Virtual Personal Assistant STARTED ==== 
2023-10-16 18:21:54,353 - INFO - BRAIN - exists.
2023-10-16 18:21:56,887 - INFO - None
2023-10-16 18:22:28,792 - INFO - USER MSG - user's msg: Hey! How are you? :D
2023-10-16 18:22:28,793 - INFO - INTENT - user's intent: greeting
